17897 DEBUG [2012-03-31 09:46:37]  Request:
17897 DEBUG [2012-03-31 09:46:37]  GET:https://api.weibo.com/2/statuses/show.json
17901 DEBUG [2012-03-31 09:46:37]  Authorization: OAuth2 2.00DdJ8lBTBYz6E65bbf107920NI5ee
17901 DEBUG [2012-03-31 09:46:37]  API-RemoteIP: 122.204.142.138
18067 DEBUG [2012-03-31 09:46:37]  Response:
18067 DEBUG [2012-03-31 09:46:37]  https StatusCode:200
18067 DEBUG [2012-03-31 09:46:37]  Server:nginx/1.1.17
18067 DEBUG [2012-03-31 09:46:37]  Date:Sat, 31 Mar 2012 01:47:40 GMT
18067 DEBUG [2012-03-31 09:46:37]  Content-Type:application/json;charset=UTF-8
18067 DEBUG [2012-03-31 09:46:37]  Content-Length:2768
18068 DEBUG [2012-03-31 09:46:37]  Connection:keep-alive
18068 DEBUG [2012-03-31 09:46:37]  Api-Server-IP:10.73.14.162
18068 DEBUG [2012-03-31 09:46:37]  Vary:Accept-Encoding
18068 DEBUG [2012-03-31 09:46:37]  X-Varnish:267717744
18070 DEBUG [2012-03-31 09:46:37]  Age:0
18070 DEBUG [2012-03-31 09:46:37]  Via:1.1 varnish
18070 DEBUG [2012-03-31 09:46:37]  {"created_at":"Tue Nov 01 20:17:51 +0800 2011","id":3375015535418223,"mid":"3375015535418223","idstr":"3375015535418223","text":"转一下，让大家长长见识，我反正觉得有点重了[委屈] //@新浪尚品: 雌雄莫辨是潮人标志之一么[思考]","source":"<a href=\"http://m.weibo.com/web/cellphone.php#ipad\" rel=\"nofollow\">iPad客户端</a>","favorited":false,"truncated":false,"in_reply_to_status_id":"","in_reply_to_user_id":"","in_reply_to_screen_name":"","geo":null,"user":{"id":1992064213,"idstr":"1992064213","screen_name":"闲人逛围脖","name":"闲人逛围脖","province":"11","city":"1000","location":"北京","description":"","url":"","profile_image_url":"http://tp2.sinaimg.cn/1992064213/50/5620567708/0","profile_url":"u/1992064213","domain":"","weihao":"","gender":"f","followers_count":141,"friends_count":94,"statuses_count":2863,"favourites_count":398,"created_at":"Sat Feb 26 00:00:00 +0800 2011","following":false,"allow_all_act_msg":false,"geo_enabled":true,"verified":false,"verified_type":-1,"remark":"","allow_all_comment":true,"avatar_large":"http://tp2.sinaimg.cn/1992064213/180/5620567708/0","verified_reason":"","follow_me":false,"online_status":1,"bi_followers_count":24,"lang":"zh-cn"},"retweeted_status":{"created_at":"Tue Nov 01 14:31:14 +0800 2011","id":3374928307110360,"mid":"3374928307110360","idstr":"3374928307110360","text":"这雌雄莫辨的时尚大片，真让人迷惑 @新浪尚品","source":"<a href=\"http://weibo.com\" rel=\"nofollow\">新浪微博</a>","favorited":false,"truncated":false,"in_reply_to_status_id":"","in_reply_to_user_id":"","in_reply_to_screen_name":"","thumbnail_pic":"http://ww2.sinaimg.cn/thumbnail/0000287atw1dmoe0e3d45j.jpg","bmiddle_pic":"http://ww2.sinaimg.cn/bmiddle/0000287atw1dmoe0e3d45j.jpg","original_pic":"http://ww2.sinaimg.cn/large/0000287atw1dmoe0e3d45j.jpg","geo":null,"user":{"id":10362,"idstr":"10362","screen_name":"kanglicoco","name":"kanglicoco","province":"11","city":"1000","location":"北京","description":"徐徐微风","url":"","profile_image_url":"http://tp3.sinaimg.cn/10362/50/5601356261/0","profile_url":"uc10362","domain":"uc10362","weihao":"","gender":"f","followers_count":520,"friends_count":68,"statuses_count":887,"favourites_count":3,"created_at":"Fri Oct 30 00:00:00 +0800 2009","following":false,"allow_all_act_msg":false,"geo_enabled":true,"verified":false,"verified_type":-1,"remark":"","allow_all_comment":true,"avatar_large":"http://tp3.sinaimg.cn/10362/180/5601356261/0","verified_reason":"","follow_me":false,"online_status":1,"bi_followers_count":43,"lang":"zh-cn"},"reposts_count":20,"comments_count":10,"mlevel":0,"visible":{"type":0,"list_id":0}},"reposts_count":0,"comments_count":1,"mlevel":0,"visible":{"type":0,"list_id":0}}

18073 DEBUG [2012-03-31 09:46:37]  Request:
18073 DEBUG [2012-03-31 09:46:37]  GET:https://api.weibo.com/2/statuses/show.json
18077 DEBUG [2012-03-31 09:46:37]  Authorization: OAuth2 2.00DdJ8lBQ_jEAE5874a363d64tdRVD
18077 DEBUG [2012-03-31 09:46:37]  API-RemoteIP: 122.204.142.138
18248 DEBUG [2012-03-31 09:46:37]  Response:
18249 DEBUG [2012-03-31 09:46:37]  https StatusCode:200
18249 DEBUG [2012-03-31 09:46:37]  Server:nginx/1.1.17
18249 DEBUG [2012-03-31 09:46:37]  Date:Sat, 31 Mar 2012 01:47:40 GMT
18249 DEBUG [2012-03-31 09:46:37]  Content-Type:application/json;charset=UTF-8
18249 DEBUG [2012-03-31 09:46:37]  Content-Length:2931
18249 DEBUG [2012-03-31 09:46:37]  Connection:keep-alive
18249 DEBUG [2012-03-31 09:46:37]  Api-Server-IP:10.73.14.129
18249 DEBUG [2012-03-31 09:46:37]  Vary:Accept-Encoding
18249 DEBUG [2012-03-31 09:46:37]  X-Varnish:194328768
18249 DEBUG [2012-03-31 09:46:37]  Age:0
18250 DEBUG [2012-03-31 09:46:37]  Via:1.1 varnish
18251 DEBUG [2012-03-31 09:46:37]  {"created_at":"Wed Nov 02 16:15:27 +0800 2011","id":3375316917702407,"mid":"3375316917702407","idstr":"3375316917702407","text":"//@新浪尚品: 实用的拍卖目录","source":"<a href=\"http://weibo.com\" rel=\"nofollow\">新浪微博</a>","favorited":false,"truncated":false,"in_reply_to_status_id":"","in_reply_to_user_id":"","in_reply_to_screen_name":"","geo":null,"user":{"id":2077048207,"idstr":"2077048207","screen_name":"十二月23","name":"十二月23","province":"31","city":"5","location":"上海 长宁区","description":"","url":"","profile_image_url":"http://tp4.sinaimg.cn/2077048207/50/5611229961/0","profile_url":"u/2077048207","domain":"","weihao":"","gender":"f","followers_count":166,"friends_count":192,"statuses_count":985,"favourites_count":3,"created_at":"Sat Apr 09 00:00:00 +0800 2011","following":false,"allow_all_act_msg":false,"geo_enabled":true,"verified":false,"verified_type":-1,"remark":"","allow_all_comment":true,"avatar_large":"http://tp4.sinaimg.cn/2077048207/180/5611229961/0","verified_reason":"","follow_me":false,"online_status":0,"bi_followers_count":83,"lang":"zh-cn"},"retweeted_status":{"created_at":"Tue Nov 01 15:17:01 +0800 2011","id":3374939828793178,"mid":"3374939828793178","idstr":"3374939828793178","text":"再推荐一本个人非常喜欢的珠宝目录：<Skinner>目录中展示的珠宝件件精品，排版简洁高雅，最大力度衬托出珠宝本身的璀璨，每件珠宝都可以在旁边的目录页查询到价格和购买方式，对于那些稀世珍品，Skinner（斯金纳）高级珠宝部门每年定期举办拍卖会。@新浪尚品","source":"<a href=\"http://weibo.com\" rel=\"nofollow\">新浪微博</a>","favorited":false,"truncated":false,"in_reply_to_status_id":"","in_reply_to_user_id":"","in_reply_to_screen_name":"","thumbnail_pic":"http://ww4.sinaimg.cn/thumbnail/0000287atw1dmofaymwrnj.jpg","bmiddle_pic":"http://ww4.sinaimg.cn/bmiddle/0000287atw1dmofaymwrnj.jpg","original_pic":"http://ww4.sinaimg.cn/large/0000287atw1dmofaymwrnj.jpg","geo":null,"user":{"id":10362,"idstr":"10362","screen_name":"kanglicoco","name":"kanglicoco","province":"11","city":"1000","location":"北京","description":"徐徐微风","url":"","profile_image_url":"http://tp3.sinaimg.cn/10362/50/5601356261/0","profile_url":"uc10362","domain":"uc10362","weihao":"","gender":"f","followers_count":520,"friends_count":68,"statuses_count":887,"favourites_count":3,"created_at":"Fri Oct 30 00:00:00 +0800 2009","following":false,"allow_all_act_msg":false,"geo_enabled":true,"verified":false,"verified_type":-1,"remark":"","allow_all_comment":true,"avatar_large":"http://tp3.sinaimg.cn/10362/180/5601356261/0","verified_reason":"","follow_me":false,"online_status":1,"bi_followers_count":43,"lang":"zh-cn"},"reposts_count":19,"comments_count":3,"mlevel":0,"visible":{"type":0,"list_id":0}},"reposts_count":0,"comments_count":0,"mlevel":0,"visible":{"type":0,"list_id":0}}

18252 DEBUG [2012-03-31 09:46:37]  Request:
18252 DEBUG [2012-03-31 09:46:37]  GET:https://api.weibo.com/2/statuses/show.json
18255 DEBUG [2012-03-31 09:46:37]  Authorization: OAuth2 2.00DdJ8lBQ_jEAE5874a363d64tdRVD
18256 DEBUG [2012-03-31 09:46:37]  API-RemoteIP: 122.204.142.138
18433 DEBUG [2012-03-31 09:46:37]  Response:
18434 DEBUG [2012-03-31 09:46:37]  https StatusCode:200
18434 DEBUG [2012-03-31 09:46:37]  Server:nginx/1.1.17
18434 DEBUG [2012-03-31 09:46:37]  Date:Sat, 31 Mar 2012 01:47:40 GMT
18434 DEBUG [2012-03-31 09:46:37]  Content-Type:application/json;charset=UTF-8
18434 DEBUG [2012-03-31 09:46:37]  Content-Length:3165
18434 DEBUG [2012-03-31 09:46:37]  Connection:keep-alive
18434 DEBUG [2012-03-31 09:46:37]  Api-Server-IP:10.73.14.129
18434 DEBUG [2012-03-31 09:46:37]  Vary:Accept-Encoding
18435 DEBUG [2012-03-31 09:46:37]  X-Varnish:464667418
18435 DEBUG [2012-03-31 09:46:37]  Age:0
18435 DEBUG [2012-03-31 09:46:37]  Via:1.1 varnish
18435 DEBUG [2012-03-31 09:46:37]  {"created_at":"Wed Nov 02 16:11:36 +0800 2011","id":3375315952880950,"mid":"3375315952880950","idstr":"3375315952880950","text":"实用的拍卖目录","source":"<a href=\"http://weibo.com\" rel=\"nofollow\">新浪微博</a>","favorited":false,"truncated":false,"in_reply_to_status_id":"","in_reply_to_user_id":"","in_reply_to_screen_name":"","geo":null,"user":{"id":1774501890,"idstr":"1774501890","screen_name":"新浪尚品","name":"新浪尚品","province":"11","city":"8","location":"北京 海淀区","description":"新浪尚品频道官方微博。奢侈品名品消费指南，精英人士文化艺术鉴赏区，高端生活方式平台。<br />\r\n<br />\r\n欢迎报料、投稿，请发私信或邮件至：styl…","url":"http://style.sina.com.cn/","profile_image_url":"http://tp3.sinaimg.cn/1774501890/50/1288839691/1","profile_url":"style","domain":"style","weihao":"","gender":"m","followers_count":354025,"friends_count":714,"statuses_count":6148,"favourites_count":10,"created_at":"Mon Nov 01 00:00:00 +0800 2010","following":false,"allow_all_act_msg":true,"geo_enabled":true,"verified":true,"verified_type":3,"remark":"","allow_all_comment":true,"avatar_large":"http://tp3.sinaimg.cn/1774501890/180/1288839691/1","verified_reason":"新浪尚品频道","follow_me":false,"online_status":1,"bi_followers_count":350,"lang":"zh-cn"},"retweeted_status":{"created_at":"Tue Nov 01 15:17:01 +0800 2011","id":3374939828793178,"mid":"3374939828793178","idstr":"3374939828793178","text":"再推荐一本个人非常喜欢的珠宝目录：<Skinner>目录中展示的珠宝件件精品，排版简洁高雅，最大力度衬托出珠宝本身的璀璨，每件珠宝都可以在旁边的目录页查询到价格和购买方式，对于那些稀世珍品，Skinner（斯金纳）高级珠宝部门每年定期举办拍卖会。@新浪尚品","source":"<a href=\"http://weibo.com\" rel=\"nofollow\">新浪微博</a>","favorited":false,"truncated":false,"in_reply_to_status_id":"","in_reply_to_user_id":"","in_reply_to_screen_name":"","thumbnail_pic":"http://ww4.sinaimg.cn/thumbnail/0000287atw1dmofaymwrnj.jpg","bmiddle_pic":"http://ww4.sinaimg.cn/bmiddle/0000287atw1dmofaymwrnj.jpg","original_pic":"http://ww4.sinaimg.cn/large/0000287atw1dmofaymwrnj.jpg","geo":null,"user":{"id":10362,"idstr":"10362","screen_name":"kanglicoco","name":"kanglicoco","province":"11","city":"1000","location":"北京","description":"徐徐微风","url":"","profile_image_url":"http://tp3.sinaimg.cn/10362/50/5601356261/0","profile_url":"uc10362","domain":"uc10362","weihao":"","gender":"f","followers_count":520,"friends_count":68,"statuses_count":887,"favourites_count":3,"created_at":"Fri Oct 30 00:00:00 +0800 2009","following":false,"allow_all_act_msg":false,"geo_enabled":true,"verified":false,"verified_type":-1,"remark":"","allow_all_comment":true,"avatar_large":"http://tp3.sinaimg.cn/10362/180/5601356261/0","verified_reason":"","follow_me":false,"online_status":1,"bi_followers_count":43,"lang":"zh-cn"},"reposts_count":19,"comments_count":3,"mlevel":0,"visible":{"type":0,"list_id":0}},"reposts_count":14,"comments_count":2,"mlevel":0,"visible":{"type":0,"list_id":0}}

18437 DEBUG [2012-03-31 09:46:37]  Request:
18437 DEBUG [2012-03-31 09:46:37]  GET:https://api.weibo.com/2/statuses/show.json
18481 DEBUG [2012-03-31 09:46:37]  Authorization: OAuth2 2.00DdJ8lBQ_jEAE5874a363d64tdRVD
18482 DEBUG [2012-03-31 09:46:37]  API-RemoteIP: 122.204.142.138
18656 DEBUG [2012-03-31 09:46:37]  Response:
18656 DEBUG [2012-03-31 09:46:37]  https StatusCode:200
18656 DEBUG [2012-03-31 09:46:37]  Server:nginx/1.1.17
18656 DEBUG [2012-03-31 09:46:37]  Date:Sat, 31 Mar 2012 01:47:41 GMT
18657 DEBUG [2012-03-31 09:46:37]  Content-Type:application/json;charset=UTF-8
18657 DEBUG [2012-03-31 09:46:37]  Content-Length:2629
18657 DEBUG [2012-03-31 09:46:37]  Connection:keep-alive
18657 DEBUG [2012-03-31 09:46:37]  Api-Server-IP:10.73.14.161
18657 DEBUG [2012-03-31 09:46:37]  Vary:Accept-Encoding
18657 DEBUG [2012-03-31 09:46:37]  X-Varnish:464667594
18658 DEBUG [2012-03-31 09:46:37]  Age:0
18658 DEBUG [2012-03-31 09:46:37]  Via:1.1 varnish
18658 DEBUG [2012-03-31 09:46:37]  {"created_at":"Fri Dec 30 13:14:28 +0800 2011","id":3396289880523446,"mid":"3396289880523446","idstr":"3396289880523446","text":"转发微博","source":"<a href=\"http://weibo.com\" rel=\"nofollow\">新浪微博</a>","favorited":false,"truncated":false,"in_reply_to_status_id":"","in_reply_to_user_id":"","in_reply_to_screen_name":"","geo":null,"user":{"id":2122608430,"idstr":"2122608430","screen_name":"Ting婷VV","name":"Ting婷VV","province":"81","city":"1","location":"香港 其他","description":"好好過日子","url":"","profile_image_url":"http://tp3.sinaimg.cn/2122608430/50/5609081885/0","profile_url":"u/2122608430","domain":"","weihao":"","gender":"f","followers_count":70,"friends_count":794,"statuses_count":2277,"favourites_count":352,"created_at":"Sat Apr 30 00:00:00 +0800 2011","following":false,"allow_all_act_msg":false,"geo_enabled":true,"verified":false,"verified_type":-1,"remark":"","allow_all_comment":false,"avatar_large":"http://tp3.sinaimg.cn/2122608430/180/5609081885/0","verified_reason":"","follow_me":false,"online_status":1,"bi_followers_count":16,"lang":"zh-tw"},"retweeted_status":{"created_at":"Tue Nov 01 14:31:14 +0800 2011","id":3374928307110360,"mid":"3374928307110360","idstr":"3374928307110360","text":"这雌雄莫辨的时尚大片，真让人迷惑 @新浪尚品","source":"<a href=\"http://weibo.com\" rel=\"nofollow\">新浪微博</a>","favorited":false,"truncated":false,"in_reply_to_status_id":"","in_reply_to_user_id":"","in_reply_to_screen_name":"","thumbnail_pic":"http://ww2.sinaimg.cn/thumbnail/0000287atw1dmoe0e3d45j.jpg","bmiddle_pic":"http://ww2.sinaimg.cn/bmiddle/0000287atw1dmoe0e3d45j.jpg","original_pic":"http://ww2.sinaimg.cn/large/0000287atw1dmoe0e3d45j.jpg","geo":null,"user":{"id":10362,"idstr":"10362","screen_name":"kanglicoco","name":"kanglicoco","province":"11","city":"1000","location":"北京","description":"徐徐微风","url":"","profile_image_url":"http://tp3.sinaimg.cn/10362/50/5601356261/0","profile_url":"uc10362","domain":"uc10362","weihao":"","gender":"f","followers_count":520,"friends_count":68,"statuses_count":887,"favourites_count":3,"created_at":"Fri Oct 30 00:00:00 +0800 2009","following":false,"allow_all_act_msg":false,"geo_enabled":true,"verified":false,"verified_type":-1,"remark":"","allow_all_comment":true,"avatar_large":"http://tp3.sinaimg.cn/10362/180/5601356261/0","verified_reason":"","follow_me":false,"online_status":1,"bi_followers_count":43,"lang":"zh-cn"},"reposts_count":20,"comments_count":10,"mlevel":0,"visible":{"type":0,"list_id":0}},"reposts_count":0,"comments_count":0,"mlevel":0,"visible":{"type":0,"list_id":0}}

18660 DEBUG [2012-03-31 09:46:37]  Request:
18660 DEBUG [2012-03-31 09:46:37]  GET:https://api.weibo.com/2/statuses/show.json
18681 DEBUG [2012-03-31 09:46:37]  Authorization: OAuth2 2.00DdJ8lBQ_jEAE5874a363d64tdRVD
18681 DEBUG [2012-03-31 09:46:37]  API-RemoteIP: 122.204.142.138
18883 DEBUG [2012-03-31 09:46:38]  Response:
18883 DEBUG [2012-03-31 09:46:38]  https StatusCode:200
18884 DEBUG [2012-03-31 09:46:38]  Server:nginx/1.1.17
18884 DEBUG [2012-03-31 09:46:38]  Date:Sat, 31 Mar 2012 01:47:41 GMT
18884 DEBUG [2012-03-31 09:46:38]  Content-Type:application/json;charset=UTF-8
18884 DEBUG [2012-03-31 09:46:38]  Content-Length:2869
18884 DEBUG [2012-03-31 09:46:38]  Connection:keep-alive
18884 DEBUG [2012-03-31 09:46:38]  Api-Server-IP:10.73.14.158
18884 DEBUG [2012-03-31 09:46:38]  Vary:Accept-Encoding
18884 DEBUG [2012-03-31 09:46:38]  X-Varnish:194329242
18884 DEBUG [2012-03-31 09:46:38]  Age:0
18885 DEBUG [2012-03-31 09:46:38]  Via:1.1 varnish
18885 DEBUG [2012-03-31 09:46:38]  {"created_at":"Wed Nov 23 11:45:41 +0800 2011","id":3382859176635173,"mid":"3382859176635173","idstr":"3382859176635173","text":"//@Copais:雌雄莫辨是对性别的突破，正是艺术的无限可能，造就了时尚的美轮美奂//@新浪尚品: 雌雄莫辨是潮人标志之一么","source":"<a href=\"http://a.weibo.com/proc/productintro.php\" rel=\"nofollow\">新浪微博企业版</a>","favorited":false,"truncated":false,"in_reply_to_status_id":"","in_reply_to_user_id":"","in_reply_to_screen_name":"","geo":null,"user":{"id":2452085480,"idstr":"2452085480","screen_name":"伊施洛奇2010","name":"伊施洛奇2010","province":"44","city":"3","location":"广东 深圳","description":"我不是没脾气，只是不轻易发脾气！","url":"","profile_image_url":"http://tp1.sinaimg.cn/2452085480/50/5614677863/0","profile_url":"u/2452085480","domain":"","weihao":"","gender":"f","followers_count":29,"friends_count":112,"statuses_count":208,"favourites_count":57,"created_at":"Fri Oct 07 00:00:00 +0800 2011","following":false,"allow_all_act_msg":false,"geo_enabled":true,"verified":false,"verified_type":-1,"remark":"","allow_all_comment":true,"avatar_large":"http://tp1.sinaimg.cn/2452085480/180/5614677863/0","verified_reason":"","follow_me":false,"online_status":0,"bi_followers_count":3,"lang":"zh-cn"},"retweeted_status":{"created_at":"Tue Nov 01 14:31:14 +0800 2011","id":3374928307110360,"mid":"3374928307110360","idstr":"3374928307110360","text":"这雌雄莫辨的时尚大片，真让人迷惑 @新浪尚品","source":"<a href=\"http://weibo.com\" rel=\"nofollow\">新浪微博</a>","favorited":false,"truncated":false,"in_reply_to_status_id":"","in_reply_to_user_id":"","in_reply_to_screen_name":"","thumbnail_pic":"http://ww2.sinaimg.cn/thumbnail/0000287atw1dmoe0e3d45j.jpg","bmiddle_pic":"http://ww2.sinaimg.cn/bmiddle/0000287atw1dmoe0e3d45j.jpg","original_pic":"http://ww2.sinaimg.cn/large/0000287atw1dmoe0e3d45j.jpg","geo":null,"user":{"id":10362,"idstr":"10362","screen_name":"kanglicoco","name":"kanglicoco","province":"11","city":"1000","location":"北京","description":"徐徐微风","url":"","profile_image_url":"http://tp3.sinaimg.cn/10362/50/5601356261/0","profile_url":"uc10362","domain":"uc10362","weihao":"","gender":"f","followers_count":520,"friends_count":68,"statuses_count":887,"favourites_count":3,"created_at":"Fri Oct 30 00:00:00 +0800 2009","following":false,"allow_all_act_msg":false,"geo_enabled":true,"verified":false,"verified_type":-1,"remark":"","allow_all_comment":true,"avatar_large":"http://tp3.sinaimg.cn/10362/180/5601356261/0","verified_reason":"","follow_me":false,"online_status":1,"bi_followers_count":43,"lang":"zh-cn"},"reposts_count":20,"comments_count":10,"mlevel":0,"visible":{"type":0,"list_id":0}},"annotations":[],"reposts_count":0,"comments_count":0,"mlevel":0,"visible":{"type":0,"list_id":0}}

18887 DEBUG [2012-03-31 09:46:38]  Request:
18887 DEBUG [2012-03-31 09:46:38]  GET:https://api.weibo.com/2/statuses/show.json
18919 DEBUG [2012-03-31 09:46:38]  Authorization: OAuth2 2.00DdJ8lBQ_jEAE5874a363d64tdRVD
18919 DEBUG [2012-03-31 09:46:38]  API-RemoteIP: 122.204.142.138
19130 DEBUG [2012-03-31 09:46:38]  Response:
19130 DEBUG [2012-03-31 09:46:38]  https StatusCode:200
19131 DEBUG [2012-03-31 09:46:38]  Server:nginx/1.1.17
19131 DEBUG [2012-03-31 09:46:38]  Date:Sat, 31 Mar 2012 01:47:41 GMT
19131 DEBUG [2012-03-31 09:46:38]  Content-Type:application/json;charset=UTF-8
19131 DEBUG [2012-03-31 09:46:38]  Content-Length:2685
19131 DEBUG [2012-03-31 09:46:38]  Connection:keep-alive
19131 DEBUG [2012-03-31 09:46:38]  Api-Server-IP:10.73.14.129
19131 DEBUG [2012-03-31 09:46:38]  Vary:Accept-Encoding
19131 DEBUG [2012-03-31 09:46:38]  X-Varnish:464667930
19133 DEBUG [2012-03-31 09:46:38]  Age:0
19133 DEBUG [2012-03-31 09:46:38]  Via:1.1 varnish
19133 DEBUG [2012-03-31 09:46:38]  {"created_at":"Wed Nov 02 14:15:01 +0800 2011","id":3375286612482604,"mid":"3375286612482604","idstr":"3375286612482604","text":"//@新浪尚品:雌雄莫辨是潮人标志之一么","source":"<a href=\"http://a.weibo.com/proc/productintro.php\" rel=\"nofollow\">新浪微博企业版</a>","favorited":false,"truncated":false,"in_reply_to_status_id":"","in_reply_to_user_id":"","in_reply_to_screen_name":"","geo":null,"user":{"id":2417933471,"idstr":"2417933471","screen_name":"靠谱子小","name":"靠谱子小","province":"43","city":"2","location":"湖南 株洲","description":"","url":"","profile_image_url":"http://tp4.sinaimg.cn/2417933471/50/0/1","profile_url":"u/2417933471","domain":"","weihao":"","gender":"m","followers_count":0,"friends_count":40,"statuses_count":445,"favourites_count":0,"created_at":"Wed Oct 19 00:00:00 +0800 2011","following":false,"allow_all_act_msg":false,"geo_enabled":true,"verified":false,"verified_type":-1,"remark":"","allow_all_comment":true,"avatar_large":"http://tp4.sinaimg.cn/2417933471/180/0/1","verified_reason":"","follow_me":false,"online_status":0,"bi_followers_count":0,"lang":"zh-cn"},"retweeted_status":{"created_at":"Tue Nov 01 14:31:14 +0800 2011","id":3374928307110360,"mid":"3374928307110360","idstr":"3374928307110360","text":"这雌雄莫辨的时尚大片，真让人迷惑 @新浪尚品","source":"<a href=\"http://weibo.com\" rel=\"nofollow\">新浪微博</a>","favorited":false,"truncated":false,"in_reply_to_status_id":"","in_reply_to_user_id":"","in_reply_to_screen_name":"","thumbnail_pic":"http://ww2.sinaimg.cn/thumbnail/0000287atw1dmoe0e3d45j.jpg","bmiddle_pic":"http://ww2.sinaimg.cn/bmiddle/0000287atw1dmoe0e3d45j.jpg","original_pic":"http://ww2.sinaimg.cn/large/0000287atw1dmoe0e3d45j.jpg","geo":null,"user":{"id":10362,"idstr":"10362","screen_name":"kanglicoco","name":"kanglicoco","province":"11","city":"1000","location":"北京","description":"徐徐微风","url":"","profile_image_url":"http://tp3.sinaimg.cn/10362/50/5601356261/0","profile_url":"uc10362","domain":"uc10362","weihao":"","gender":"f","followers_count":520,"friends_count":68,"statuses_count":887,"favourites_count":3,"created_at":"Fri Oct 30 00:00:00 +0800 2009","following":false,"allow_all_act_msg":false,"geo_enabled":true,"verified":false,"verified_type":-1,"remark":"","allow_all_comment":true,"avatar_large":"http://tp3.sinaimg.cn/10362/180/5601356261/0","verified_reason":"","follow_me":false,"online_status":1,"bi_followers_count":43,"lang":"zh-cn"},"reposts_count":20,"comments_count":10,"mlevel":0,"visible":{"type":0,"list_id":0}},"annotations":[],"reposts_count":0,"comments_count":0,"mlevel":0,"visible":{"type":0,"list_id":0}}

19135 DEBUG [2012-03-31 09:46:38]  Request:
19136 DEBUG [2012-03-31 09:46:38]  GET:https://api.weibo.com/2/statuses/show.json
19143 DEBUG [2012-03-31 09:46:38]  Authorization: OAuth2 2.00DdJ8lBQ_jEAE5874a363d64tdRVD
19143 DEBUG [2012-03-31 09:46:38]  API-RemoteIP: 122.204.142.138
19319 DEBUG [2012-03-31 09:46:38]  Response:
19319 DEBUG [2012-03-31 09:46:38]  https StatusCode:200
19319 DEBUG [2012-03-31 09:46:38]  Server:nginx/1.1.17
19319 DEBUG [2012-03-31 09:46:38]  Date:Sat, 31 Mar 2012 01:47:41 GMT
19320 DEBUG [2012-03-31 09:46:38]  Content-Type:application/json;charset=UTF-8
19321 DEBUG [2012-03-31 09:46:38]  Content-Length:2685
19321 DEBUG [2012-03-31 09:46:38]  Connection:keep-alive
19321 DEBUG [2012-03-31 09:46:38]  Api-Server-IP:10.73.14.191
19321 DEBUG [2012-03-31 09:46:38]  Vary:Accept-Encoding
19321 DEBUG [2012-03-31 09:46:38]  X-Varnish:194329599
19321 DEBUG [2012-03-31 09:46:38]  Age:0
19321 DEBUG [2012-03-31 09:46:38]  Via:1.1 varnish
19322 DEBUG [2012-03-31 09:46:38]  {"created_at":"Wed Nov 02 14:07:36 +0800 2011","id":3375284745758546,"mid":"3375284745758546","idstr":"3375284745758546","text":"//@新浪尚品:雌雄莫辨是潮人标志之一么","source":"<a href=\"http://a.weibo.com/proc/productintro.php\" rel=\"nofollow\">新浪微博企业版</a>","favorited":false,"truncated":false,"in_reply_to_status_id":"","in_reply_to_user_id":"","in_reply_to_screen_name":"","geo":null,"user":{"id":2417933471,"idstr":"2417933471","screen_name":"靠谱子小","name":"靠谱子小","province":"43","city":"2","location":"湖南 株洲","description":"","url":"","profile_image_url":"http://tp4.sinaimg.cn/2417933471/50/0/1","profile_url":"u/2417933471","domain":"","weihao":"","gender":"m","followers_count":0,"friends_count":40,"statuses_count":445,"favourites_count":0,"created_at":"Wed Oct 19 00:00:00 +0800 2011","following":false,"allow_all_act_msg":false,"geo_enabled":true,"verified":false,"verified_type":-1,"remark":"","allow_all_comment":true,"avatar_large":"http://tp4.sinaimg.cn/2417933471/180/0/1","verified_reason":"","follow_me":false,"online_status":0,"bi_followers_count":0,"lang":"zh-cn"},"retweeted_status":{"created_at":"Tue Nov 01 14:31:14 +0800 2011","id":3374928307110360,"mid":"3374928307110360","idstr":"3374928307110360","text":"这雌雄莫辨的时尚大片，真让人迷惑 @新浪尚品","source":"<a href=\"http://weibo.com\" rel=\"nofollow\">新浪微博</a>","favorited":false,"truncated":false,"in_reply_to_status_id":"","in_reply_to_user_id":"","in_reply_to_screen_name":"","thumbnail_pic":"http://ww2.sinaimg.cn/thumbnail/0000287atw1dmoe0e3d45j.jpg","bmiddle_pic":"http://ww2.sinaimg.cn/bmiddle/0000287atw1dmoe0e3d45j.jpg","original_pic":"http://ww2.sinaimg.cn/large/0000287atw1dmoe0e3d45j.jpg","geo":null,"user":{"id":10362,"idstr":"10362","screen_name":"kanglicoco","name":"kanglicoco","province":"11","city":"1000","location":"北京","description":"徐徐微风","url":"","profile_image_url":"http://tp3.sinaimg.cn/10362/50/5601356261/0","profile_url":"uc10362","domain":"uc10362","weihao":"","gender":"f","followers_count":520,"friends_count":68,"statuses_count":887,"favourites_count":3,"created_at":"Fri Oct 30 00:00:00 +0800 2009","following":false,"allow_all_act_msg":false,"geo_enabled":true,"verified":false,"verified_type":-1,"remark":"","allow_all_comment":true,"avatar_large":"http://tp3.sinaimg.cn/10362/180/5601356261/0","verified_reason":"","follow_me":false,"online_status":1,"bi_followers_count":43,"lang":"zh-cn"},"reposts_count":20,"comments_count":10,"mlevel":0,"visible":{"type":0,"list_id":0}},"annotations":[],"reposts_count":0,"comments_count":0,"mlevel":0,"visible":{"type":0,"list_id":0}}

19323 DEBUG [2012-03-31 09:46:38]  Request:
19324 DEBUG [2012-03-31 09:46:38]  GET:https://api.weibo.com/2/statuses/show.json
19353 DEBUG [2012-03-31 09:46:38]  Authorization: OAuth2 2.00DdJ8lBQ_jEAE5874a363d64tdRVD
19353 DEBUG [2012-03-31 09:46:38]  API-RemoteIP: 122.204.142.138
19510 DEBUG [2012-03-31 09:46:38]  Response:
19510 DEBUG [2012-03-31 09:46:38]  https StatusCode:400
19510 DEBUG [2012-03-31 09:46:38]  Server:nginx/1.1.17
19510 DEBUG [2012-03-31 09:46:38]  Date:Sat, 31 Mar 2012 01:47:41 GMT
19510 DEBUG [2012-03-31 09:46:38]  Content-Type:application/json;charset=UTF-8
19510 DEBUG [2012-03-31 09:46:38]  Content-Length:93
19510 DEBUG [2012-03-31 09:46:38]  Connection:keep-alive
19510 DEBUG [2012-03-31 09:46:38]  Api-Server-IP:10.73.14.193
19511 DEBUG [2012-03-31 09:46:38]  Vary:Accept-Encoding
19511 DEBUG [2012-03-31 09:46:38]  X-Varnish:464668283
19523 DEBUG [2012-03-31 09:46:38]  Age:0
19523 DEBUG [2012-03-31 09:46:38]  Via:1.1 varnish
19524 DEBUG [2012-03-31 09:46:38]  {"error":"target weibo does not exist!","error_code":20101,"request":"/2/statuses/show.json"}

19524 DEBUG [2012-03-31 09:46:38]  Request:
19524 DEBUG [2012-03-31 09:46:38]  GET:https://api.weibo.com/2/statuses/show.json
19586 DEBUG [2012-03-31 09:46:38]  Authorization: OAuth2 2.00DdJ8lBQ_jEAE5874a363d64tdRVD
19586 DEBUG [2012-03-31 09:46:38]  API-RemoteIP: 122.204.142.138
19771 DEBUG [2012-03-31 09:46:38]  Response:
19771 DEBUG [2012-03-31 09:46:38]  https StatusCode:200
19771 DEBUG [2012-03-31 09:46:38]  Server:nginx/1.1.17
19771 DEBUG [2012-03-31 09:46:38]  Date:Sat, 31 Mar 2012 01:47:42 GMT
19771 DEBUG [2012-03-31 09:46:38]  Content-Type:application/json;charset=UTF-8
19771 DEBUG [2012-03-31 09:46:38]  Content-Length:2685
19772 DEBUG [2012-03-31 09:46:38]  Connection:keep-alive
19772 DEBUG [2012-03-31 09:46:38]  Api-Server-IP:10.73.14.162
19772 DEBUG [2012-03-31 09:46:38]  Vary:Accept-Encoding
19772 DEBUG [2012-03-31 09:46:38]  X-Varnish:1316257770
19772 DEBUG [2012-03-31 09:46:38]  Age:0
19772 DEBUG [2012-03-31 09:46:38]  Via:1.1 varnish
19772 DEBUG [2012-03-31 09:46:38]  {"created_at":"Wed Nov 02 10:20:05 +0800 2011","id":3375227489715495,"mid":"3375227489715495","idstr":"3375227489715495","text":"//@新浪尚品:雌雄莫辨是潮人标志之一么","source":"<a href=\"http://a.weibo.com/proc/productintro.php\" rel=\"nofollow\">新浪微博企业版</a>","favorited":false,"truncated":false,"in_reply_to_status_id":"","in_reply_to_user_id":"","in_reply_to_screen_name":"","geo":null,"user":{"id":2417933471,"idstr":"2417933471","screen_name":"靠谱子小","name":"靠谱子小","province":"43","city":"2","location":"湖南 株洲","description":"","url":"","profile_image_url":"http://tp4.sinaimg.cn/2417933471/50/0/1","profile_url":"u/2417933471","domain":"","weihao":"","gender":"m","followers_count":0,"friends_count":40,"statuses_count":445,"favourites_count":0,"created_at":"Wed Oct 19 00:00:00 +0800 2011","following":false,"allow_all_act_msg":false,"geo_enabled":true,"verified":false,"verified_type":-1,"remark":"","allow_all_comment":true,"avatar_large":"http://tp4.sinaimg.cn/2417933471/180/0/1","verified_reason":"","follow_me":false,"online_status":0,"bi_followers_count":0,"lang":"zh-cn"},"retweeted_status":{"created_at":"Tue Nov 01 14:31:14 +0800 2011","id":3374928307110360,"mid":"3374928307110360","idstr":"3374928307110360","text":"这雌雄莫辨的时尚大片，真让人迷惑 @新浪尚品","source":"<a href=\"http://weibo.com\" rel=\"nofollow\">新浪微博</a>","favorited":false,"truncated":false,"in_reply_to_status_id":"","in_reply_to_user_id":"","in_reply_to_screen_name":"","thumbnail_pic":"http://ww2.sinaimg.cn/thumbnail/0000287atw1dmoe0e3d45j.jpg","bmiddle_pic":"http://ww2.sinaimg.cn/bmiddle/0000287atw1dmoe0e3d45j.jpg","original_pic":"http://ww2.sinaimg.cn/large/0000287atw1dmoe0e3d45j.jpg","geo":null,"user":{"id":10362,"idstr":"10362","screen_name":"kanglicoco","name":"kanglicoco","province":"11","city":"1000","location":"北京","description":"徐徐微风","url":"","profile_image_url":"http://tp3.sinaimg.cn/10362/50/5601356261/0","profile_url":"uc10362","domain":"uc10362","weihao":"","gender":"f","followers_count":520,"friends_count":68,"statuses_count":887,"favourites_count":3,"created_at":"Fri Oct 30 00:00:00 +0800 2009","following":false,"allow_all_act_msg":false,"geo_enabled":true,"verified":false,"verified_type":-1,"remark":"","allow_all_comment":true,"avatar_large":"http://tp3.sinaimg.cn/10362/180/5601356261/0","verified_reason":"","follow_me":false,"online_status":1,"bi_followers_count":43,"lang":"zh-cn"},"reposts_count":20,"comments_count":10,"mlevel":0,"visible":{"type":0,"list_id":0}},"annotations":[],"reposts_count":0,"comments_count":0,"mlevel":0,"visible":{"type":0,"list_id":0}}

19774 DEBUG [2012-03-31 09:46:38]  Request:
19774 DEBUG [2012-03-31 09:46:38]  GET:https://api.weibo.com/2/statuses/show.json
19810 DEBUG [2012-03-31 09:46:38]  Authorization: OAuth2 2.00DdJ8lBQ_jEAE5874a363d64tdRVD
19810 DEBUG [2012-03-31 09:46:38]  API-RemoteIP: 122.204.142.138
19983 DEBUG [2012-03-31 09:46:39]  Response:
19983 DEBUG [2012-03-31 09:46:39]  https StatusCode:200
19983 DEBUG [2012-03-31 09:46:39]  Server:nginx/1.1.17
19983 DEBUG [2012-03-31 09:46:39]  Date:Sat, 31 Mar 2012 01:47:42 GMT
19983 DEBUG [2012-03-31 09:46:39]  Content-Type:application/json;charset=UTF-8
19983 DEBUG [2012-03-31 09:46:39]  Content-Length:2791
19983 DEBUG [2012-03-31 09:46:39]  Connection:keep-alive
19983 DEBUG [2012-03-31 09:46:39]  Api-Server-IP:10.73.14.129
19983 DEBUG [2012-03-31 09:46:39]  Vary:Accept-Encoding
19983 DEBUG [2012-03-31 09:46:39]  X-Varnish:267719135
19984 DEBUG [2012-03-31 09:46:39]  Age:0
19985 DEBUG [2012-03-31 09:46:39]  Via:1.1 varnish
19985 DEBUG [2012-03-31 09:46:39]  {"created_at":"Tue Nov 01 20:50:42 +0800 2011","id":3375023801668602,"mid":"3375023801668602","idstr":"3375023801668602","text":"//@新浪尚品:雌雄莫辨是潮人标志之一么","source":"<a href=\"http://a.weibo.com/proc/productintro.php\" rel=\"nofollow\">新浪微博企业版</a>","favorited":false,"truncated":false,"in_reply_to_status_id":"","in_reply_to_user_id":"","in_reply_to_screen_name":"","geo":null,"user":{"id":1843416297,"idstr":"1843416297","screen_name":"蒋羽枫V","name":"蒋羽枫V","province":"33","city":"2","location":"浙江 宁波","description":"The gang Protection.吴羽枫","url":"http://blong.sina.com.cn/YufengJiang","profile_image_url":"http://tp2.sinaimg.cn/1843416297/50/5622982088/1","profile_url":"yufengjiang880725","domain":"yufengjiang880725","weihao":"","gender":"m","followers_count":199,"friends_count":2000,"statuses_count":5642,"favourites_count":2,"created_at":"Mon Nov 01 00:00:00 +0800 2010","following":false,"allow_all_act_msg":true,"geo_enabled":true,"verified":false,"verified_type":-1,"remark":"","allow_all_comment":true,"avatar_large":"http://tp2.sinaimg.cn/1843416297/180/5622982088/1","verified_reason":"","follow_me":false,"online_status":1,"bi_followers_count":28,"lang":"zh-cn"},"retweeted_status":{"created_at":"Tue Nov 01 14:31:14 +0800 2011","id":3374928307110360,"mid":"3374928307110360","idstr":"3374928307110360","text":"这雌雄莫辨的时尚大片，真让人迷惑 @新浪尚品","source":"<a href=\"http://weibo.com\" rel=\"nofollow\">新浪微博</a>","favorited":false,"truncated":false,"in_reply_to_status_id":"","in_reply_to_user_id":"","in_reply_to_screen_name":"","thumbnail_pic":"http://ww2.sinaimg.cn/thumbnail/0000287atw1dmoe0e3d45j.jpg","bmiddle_pic":"http://ww2.sinaimg.cn/bmiddle/0000287atw1dmoe0e3d45j.jpg","original_pic":"http://ww2.sinaimg.cn/large/0000287atw1dmoe0e3d45j.jpg","geo":null,"user":{"id":10362,"idstr":"10362","screen_name":"kanglicoco","name":"kanglicoco","province":"11","city":"1000","location":"北京","description":"徐徐微风","url":"","profile_image_url":"http://tp3.sinaimg.cn/10362/50/5601356261/0","profile_url":"uc10362","domain":"uc10362","weihao":"","gender":"f","followers_count":520,"friends_count":68,"statuses_count":887,"favourites_count":3,"created_at":"Fri Oct 30 00:00:00 +0800 2009","following":false,"allow_all_act_msg":false,"geo_enabled":true,"verified":false,"verified_type":-1,"remark":"","allow_all_comment":true,"avatar_large":"http://tp3.sinaimg.cn/10362/180/5601356261/0","verified_reason":"","follow_me":false,"online_status":1,"bi_followers_count":43,"lang":"zh-cn"},"reposts_count":20,"comments_count":10,"mlevel":0,"visible":{"type":0,"list_id":0}},"annotations":[],"reposts_count":0,"comments_count":0,"mlevel":0,"visible":{"type":0,"list_id":0}}

19991 DEBUG [2012-03-31 09:46:39]  Request:
19992 DEBUG [2012-03-31 09:46:39]  GET:https://api.weibo.com/2/statuses/show.json
19996 DEBUG [2012-03-31 09:46:39]  Authorization: OAuth2 2.00DdJ8lBQ_jEAE5874a363d64tdRVD
19996 DEBUG [2012-03-31 09:46:39]  API-RemoteIP: 122.204.142.138
20166 DEBUG [2012-03-31 09:46:39]  Response:
20167 DEBUG [2012-03-31 09:46:39]  https StatusCode:200
20167 DEBUG [2012-03-31 09:46:39]  Server:nginx/1.1.17
20167 DEBUG [2012-03-31 09:46:39]  Date:Sat, 31 Mar 2012 01:47:42 GMT
20167 DEBUG [2012-03-31 09:46:39]  Content-Type:application/json;charset=UTF-8
20167 DEBUG [2012-03-31 09:46:39]  Content-Length:2768
20167 DEBUG [2012-03-31 09:46:39]  Connection:keep-alive
20167 DEBUG [2012-03-31 09:46:39]  Api-Server-IP:10.73.14.129
20167 DEBUG [2012-03-31 09:46:39]  Vary:Accept-Encoding
20167 DEBUG [2012-03-31 09:46:39]  X-Varnish:267719277
20168 DEBUG [2012-03-31 09:46:39]  Age:0
20168 DEBUG [2012-03-31 09:46:39]  Via:1.1 varnish
20169 DEBUG [2012-03-31 09:46:39]  {"created_at":"Tue Nov 01 20:17:51 +0800 2011","id":3375015535418223,"mid":"3375015535418223","idstr":"3375015535418223","text":"转一下，让大家长长见识，我反正觉得有点重了[委屈] //@新浪尚品: 雌雄莫辨是潮人标志之一么[思考]","source":"<a href=\"http://m.weibo.com/web/cellphone.php#ipad\" rel=\"nofollow\">iPad客户端</a>","favorited":false,"truncated":false,"in_reply_to_status_id":"","in_reply_to_user_id":"","in_reply_to_screen_name":"","geo":null,"user":{"id":1992064213,"idstr":"1992064213","screen_name":"闲人逛围脖","name":"闲人逛围脖","province":"11","city":"1000","location":"北京","description":"","url":"","profile_image_url":"http://tp2.sinaimg.cn/1992064213/50/5620567708/0","profile_url":"u/1992064213","domain":"","weihao":"","gender":"f","followers_count":141,"friends_count":94,"statuses_count":2863,"favourites_count":398,"created_at":"Sat Feb 26 00:00:00 +0800 2011","following":false,"allow_all_act_msg":false,"geo_enabled":true,"verified":false,"verified_type":-1,"remark":"","allow_all_comment":true,"avatar_large":"http://tp2.sinaimg.cn/1992064213/180/5620567708/0","verified_reason":"","follow_me":false,"online_status":1,"bi_followers_count":24,"lang":"zh-cn"},"retweeted_status":{"created_at":"Tue Nov 01 14:31:14 +0800 2011","id":3374928307110360,"mid":"3374928307110360","idstr":"3374928307110360","text":"这雌雄莫辨的时尚大片，真让人迷惑 @新浪尚品","source":"<a href=\"http://weibo.com\" rel=\"nofollow\">新浪微博</a>","favorited":false,"truncated":false,"in_reply_to_status_id":"","in_reply_to_user_id":"","in_reply_to_screen_name":"","thumbnail_pic":"http://ww2.sinaimg.cn/thumbnail/0000287atw1dmoe0e3d45j.jpg","bmiddle_pic":"http://ww2.sinaimg.cn/bmiddle/0000287atw1dmoe0e3d45j.jpg","original_pic":"http://ww2.sinaimg.cn/large/0000287atw1dmoe0e3d45j.jpg","geo":null,"user":{"id":10362,"idstr":"10362","screen_name":"kanglicoco","name":"kanglicoco","province":"11","city":"1000","location":"北京","description":"徐徐微风","url":"","profile_image_url":"http://tp3.sinaimg.cn/10362/50/5601356261/0","profile_url":"uc10362","domain":"uc10362","weihao":"","gender":"f","followers_count":520,"friends_count":68,"statuses_count":887,"favourites_count":3,"created_at":"Fri Oct 30 00:00:00 +0800 2009","following":false,"allow_all_act_msg":false,"geo_enabled":true,"verified":false,"verified_type":-1,"remark":"","allow_all_comment":true,"avatar_large":"http://tp3.sinaimg.cn/10362/180/5601356261/0","verified_reason":"","follow_me":false,"online_status":1,"bi_followers_count":43,"lang":"zh-cn"},"reposts_count":20,"comments_count":10,"mlevel":0,"visible":{"type":0,"list_id":0}},"reposts_count":0,"comments_count":1,"mlevel":0,"visible":{"type":0,"list_id":0}}

