4154494 DEBUG [2012-04-17 20:51:48]  Request:
4154494 DEBUG [2012-04-17 20:51:48]  GET:https://api.weibo.com/2/comments/show.json
4154497 DEBUG [2012-04-17 20:51:48]  Authorization: OAuth2 2.00bYpXtBSiwMBE39c254d000jqjvnC
4154497 DEBUG [2012-04-17 20:51:48]  API-RemoteIP: 122.204.142.138
4155115 DEBUG [2012-04-17 20:51:49]  Response:
4155116 DEBUG [2012-04-17 20:51:49]  https StatusCode:200
4155116 DEBUG [2012-04-17 20:51:49]  Server:nginx/1.1.17
4155116 DEBUG [2012-04-17 20:51:49]  Date:Tue, 17 Apr 2012 12:51:48 GMT
4155116 DEBUG [2012-04-17 20:51:49]  Content-Type:application/json;charset=UTF-8
4155116 DEBUG [2012-04-17 20:51:49]  Content-Length:5762
4155116 DEBUG [2012-04-17 20:51:49]  Connection:keep-alive
4155116 DEBUG [2012-04-17 20:51:49]  Api-Server-IP:10.75.24.202
4155116 DEBUG [2012-04-17 20:51:49]  Vary:Accept-Encoding
4155116 DEBUG [2012-04-17 20:51:49]  X-Varnish:1914626270
4155116 DEBUG [2012-04-17 20:51:49]  Age:0
4155116 DEBUG [2012-04-17 20:51:49]  Via:1.1 varnish
4155117 DEBUG [2012-04-17 20:51:49]  {"comments":[{"created_at":"Sat Jun 05 14:07:14 +0800 2010","id":606608026,"text":"手里根本也没钱啊！","source":"<a href=\"http://weibo.com\" rel=\"nofollow\">新浪微博</a>","user":{"id":1684864707,"idstr":"1684864707","screen_name":"蚂蚁岛","name":"蚂蚁岛","province":"11","city":"5","location":"北京 朝阳区","description":"平淡是真","url":"","profile_image_url":"http://tp4.sinaimg.cn/1684864707/50/5620576558/0","profile_url":"ant168","domain":"ant168","weihao":"","gender":"f","followers_count":583,"friends_count":524,"statuses_count":1729,"favourites_count":40,"created_at":"Thu Jan 21 00:00:00 +0800 2010","following":false,"allow_all_act_msg":true,"geo_enabled":true,"verified":false,"verified_type":220,"remark":"","allow_all_comment":true,"avatar_large":"http://tp4.sinaimg.cn/1684864707/180/5620576558/0","verified_reason":"","follow_me":false,"online_status":1,"bi_followers_count":314,"lang":"zh-cn"},"mid":"202100605117846767","idstr":"606608026","status":{"created_at":"Thu May 27 18:05:27 +0800 2010","id":470548735,"mid":"20110052720778002","idstr":"470548735","text":"记得以前还看过一个，一群孩子在操场上转圈捐款。一圈又一圈的","source":"<a href=\"\" rel=\"nofollow\"></a>","favorited":false,"truncated":false,"in_reply_to_status_id":"","in_reply_to_user_id":"","in_reply_to_screen_name":"","thumbnail_pic":"http://ss15.sinaimg.cn/thumbnail/633ae4b7x878fb07aad1e&690","bmiddle_pic":"http://ss15.sinaimg.cn/bmiddle/633ae4b7x878fb07aad1e&690","original_pic":"http://ss15.sinaimg.cn/orignal/633ae4b7x878fb07aad1e&690","geo":null,"user":{"id":3088909,"idstr":"3088909","screen_name":"Aric陈轩","name":"Aric陈轩","province":"11","city":"5","location":"北京 朝阳区","description":"一个折腾的人！ Never Go, Never Know!","url":"http://blog.sina.com.cn/chinatalent","profile_image_url":"http://tp2.sinaimg.cn/3088909/50/5611831149/1","profile_url":"123022422","domain":"chinatalent","weihao":"123022422","gender":"m","followers_count":4567,"friends_count":368,"statuses_count":970,"favourites_count":12,"created_at":"Wed Apr 07 00:00:00 +0800 2010","following":false,"allow_all_act_msg":true,"geo_enabled":true,"verified":false,"verified_type":220,"remark":"","allow_all_comment":true,"avatar_large":"http://tp2.sinaimg.cn/3088909/180/5611831149/1","verified_reason":"","follow_me":false,"online_status":0,"bi_followers_count":175,"lang":"zh-cn"},"retweeted_status":{"created_at":"Thu May 27 17:05:22 +0800 2010","id":3185438242111493,"mid":"20110052720667135","idstr":"3185438242111493","text":"抱歉，此微博已被原作者删除。如需帮助，请联系客服。http://t.cn/z0D6ZaQ","deleted":"1"},"reposts_count":0,"comments_count":0,"mlevel":0,"visible":{"type":0,"list_id":0}}},{"created_at":"Thu May 27 23:10:21 +0800 2010","id":492292402,"text":"[汗][怒][红牌] //@Talent陈轩:记得以前还看过一个，一群孩子在操场上转圈捐款。一圈又一圈的","source":"<a href=\"http://weibo.com\" rel=\"nofollow\">新浪微博</a>","user":{"id":1722614181,"idstr":"1722614181","screen_name":"中国NQ","name":"中国NQ","province":"13","city":"4","location":"河北 邯郸","description":"这家伙很懒，只写了这一句话！","url":"http://blog.sina.com.cn/hebeinq","profile_image_url":"http://tp2.sinaimg.cn/1722614181/50/5604015616/1","profile_url":"312106333","domain":"hbnq","weihao":"312106333","gender":"m","followers_count":1325,"friends_count":385,"statuses_count":6126,"favourites_count":1,"created_at":"Wed Mar 31 00:00:00 +0800 2010","following":false,"allow_all_act_msg":false,"geo_enabled":true,"verified":false,"verified_type":220,"remark":"","allow_all_comment":true,"avatar_large":"http://tp2.sinaimg.cn/1722614181/180/5604015616/1","verified_reason":"","follow_me":false,"online_status":0,"bi_followers_count":196,"lang":"zh-cn"},"mid":"20210052797004054","idstr":"492292402","status":{"created_at":"Thu May 27 18:05:27 +0800 2010","id":470548735,"mid":"20110052720778002","idstr":"470548735","text":"记得以前还看过一个，一群孩子在操场上转圈捐款。一圈又一圈的","source":"<a href=\"\" rel=\"nofollow\"></a>","favorited":false,"truncated":false,"in_reply_to_status_id":"","in_reply_to_user_id":"","in_reply_to_screen_name":"","thumbnail_pic":"http://ss15.sinaimg.cn/thumbnail/633ae4b7x878fb07aad1e&690","bmiddle_pic":"http://ss15.sinaimg.cn/bmiddle/633ae4b7x878fb07aad1e&690","original_pic":"http://ss15.sinaimg.cn/orignal/633ae4b7x878fb07aad1e&690","geo":null,"user":{"id":3088909,"idstr":"3088909","screen_name":"Aric陈轩","name":"Aric陈轩","province":"11","city":"5","location":"北京 朝阳区","description":"一个折腾的人！ Never Go, Never Know!","url":"http://blog.sina.com.cn/chinatalent","profile_image_url":"http://tp2.sinaimg.cn/3088909/50/5611831149/1","profile_url":"123022422","domain":"chinatalent","weihao":"123022422","gender":"m","followers_count":4567,"friends_count":368,"statuses_count":970,"favourites_count":12,"created_at":"Wed Apr 07 00:00:00 +0800 2010","following":false,"allow_all_act_msg":true,"geo_enabled":true,"verified":false,"verified_type":220,"remark":"","allow_all_comment":true,"avatar_large":"http://tp2.sinaimg.cn/3088909/180/5611831149/1","verified_reason":"","follow_me":false,"online_status":0,"bi_followers_count":175,"lang":"zh-cn"},"retweeted_status":{"created_at":"Thu May 27 17:05:22 +0800 2010","id":3185438242111493,"mid":"20110052720667135","idstr":"3185438242111493","text":"抱歉，此微博已被原作者删除。如需帮助，请联系客服。http://t.cn/z0D6ZaQ","deleted":"1"},"reposts_count":0,"comments_count":0,"mlevel":0,"visible":{"type":0,"list_id":0}}}],"hasvisible":true,"previous_cursor":0,"next_cursor":0,"total_number":2}

4155119 DEBUG [2012-04-17 20:51:49]  Request:
4155119 DEBUG [2012-04-17 20:51:49]  GET:https://api.weibo.com/2/comments/show.json
4155121 DEBUG [2012-04-17 20:51:49]  Authorization: OAuth2 2.00bYpXtBSiwMBE39c254d000jqjvnC
4155121 DEBUG [2012-04-17 20:51:49]  API-RemoteIP: 122.204.142.138
4155611 DEBUG [2012-04-17 20:51:49]  Response:
4155611 DEBUG [2012-04-17 20:51:49]  https StatusCode:200
4155612 DEBUG [2012-04-17 20:51:49]  Server:nginx/1.1.17
4155612 DEBUG [2012-04-17 20:51:49]  Date:Tue, 17 Apr 2012 12:51:49 GMT
4155612 DEBUG [2012-04-17 20:51:49]  Content-Type:application/json;charset=UTF-8
4155612 DEBUG [2012-04-17 20:51:49]  Content-Length:6547
4155612 DEBUG [2012-04-17 20:51:49]  Connection:keep-alive
4155612 DEBUG [2012-04-17 20:51:49]  Api-Server-IP:10.75.24.200
4155612 DEBUG [2012-04-17 20:51:49]  Vary:Accept-Encoding
4155612 DEBUG [2012-04-17 20:51:49]  X-Varnish:1761667446
4155612 DEBUG [2012-04-17 20:51:49]  Age:0
4155612 DEBUG [2012-04-17 20:51:49]  Via:1.1 varnish
4155613 DEBUG [2012-04-17 20:51:49]  {"comments":[{"created_at":"Wed May 26 19:24:17 +0800 2010","id":475903118,"text":"回复@巧然:好情况，免费杂志看。碰碰运气哈","source":"<a href=\"http://weibo.com\" rel=\"nofollow\">新浪微博</a>","user":{"id":3088909,"idstr":"3088909","screen_name":"Aric陈轩","name":"Aric陈轩","province":"11","city":"5","location":"北京 朝阳区","description":"一个折腾的人！ Never Go, Never Know!","url":"http://blog.sina.com.cn/chinatalent","profile_image_url":"http://tp2.sinaimg.cn/3088909/50/5611831149/1","profile_url":"123022422","domain":"chinatalent","weihao":"123022422","gender":"m","followers_count":4567,"friends_count":368,"statuses_count":970,"favourites_count":12,"created_at":"Wed Apr 07 00:00:00 +0800 2010","following":false,"allow_all_act_msg":true,"geo_enabled":true,"verified":false,"verified_type":220,"remark":"","allow_all_comment":true,"avatar_large":"http://tp2.sinaimg.cn/3088909/180/5611831149/1","verified_reason":"","follow_me":false,"online_status":0,"bi_followers_count":175,"lang":"zh-cn"},"mid":"20210052694027066","idstr":"475903118","status":{"created_at":"Wed May 26 18:00:25 +0800 2010","id":460027426,"mid":"20110052618836123","idstr":"460027426","text":"这怎么个情况啊？","source":"<a href=\"\" rel=\"nofollow\"></a>","favorited":false,"truncated":false,"in_reply_to_status_id":"","in_reply_to_user_id":"","in_reply_to_screen_name":"","thumbnail_pic":"http://ss6.sinaimg.cn/thumbnail/6251b89bt876701c10645&690","bmiddle_pic":"http://ss6.sinaimg.cn/bmiddle/6251b89bt876701c10645&690","original_pic":"http://ss6.sinaimg.cn/orignal/6251b89bt876701c10645&690","geo":null,"user":{"id":3088909,"idstr":"3088909","screen_name":"Aric陈轩","name":"Aric陈轩","province":"11","city":"5","location":"北京 朝阳区","description":"一个折腾的人！ Never Go, Never Know!","url":"http://blog.sina.com.cn/chinatalent","profile_image_url":"http://tp2.sinaimg.cn/3088909/50/5611831149/1","profile_url":"123022422","domain":"chinatalent","weihao":"123022422","gender":"m","followers_count":4567,"friends_count":368,"statuses_count":970,"favourites_count":12,"created_at":"Wed Apr 07 00:00:00 +0800 2010","following":false,"allow_all_act_msg":true,"geo_enabled":true,"verified":false,"verified_type":220,"remark":"","allow_all_comment":true,"avatar_large":"http://tp2.sinaimg.cn/3088909/180/5611831149/1","verified_reason":"","follow_me":false,"online_status":0,"bi_followers_count":175,"lang":"zh-cn"},"retweeted_status":{"created_at":"Tue May 25 16:44:22 +0800 2010","id":3184708181819457,"mid":"20110052516815495","idstr":"3184708181819457","text":"抱歉，此微博已被原作者删除。如需帮助，请联系客服。http://t.cn/z0D6ZaQ","deleted":"1"},"reposts_count":0,"comments_count":0,"mlevel":0,"visible":{"type":0,"list_id":0}},"reply_comment":{"created_at":"Wed May 26 19:06:38 +0800 2010","id":475705263,"text":"大侠：您这里是什么情况？","source":"<a href=\"\" rel=\"nofollow\"></a>","user":{"id":1699210123,"idstr":"1699210123","screen_name":"巧然","name":"巧然","province":"11","city":"5","location":"北京 朝阳区","description":"","url":"","profile_image_url":"http://tp4.sinaimg.cn/1699210123/50/5612075393/0","profile_url":"jiayouxianqi","domain":"jiayouxianqi","weihao":"","gender":"f","followers_count":1771,"friends_count":537,"statuses_count":4355,"favourites_count":68,"created_at":"Wed Feb 24 00:00:00 +0800 2010","following":false,"allow_all_act_msg":false,"geo_enabled":false,"verified":false,"verified_type":220,"remark":"","allow_all_comment":true,"avatar_large":"http://tp4.sinaimg.cn/1699210123/180/5612075393/0","verified_reason":"","follow_me":false,"online_status":1,"bi_followers_count":371,"lang":"zh-cn"},"mid":"20210052693991001","idstr":"475705263"}},{"created_at":"Wed May 26 19:06:38 +0800 2010","id":475705263,"text":"大侠：您这里是什么情况？","source":"<a href=\"http://weibo.com\" rel=\"nofollow\">新浪微博</a>","user":{"id":1699210123,"idstr":"1699210123","screen_name":"巧然","name":"巧然","province":"11","city":"5","location":"北京 朝阳区","description":"","url":"","profile_image_url":"http://tp4.sinaimg.cn/1699210123/50/5612075393/0","profile_url":"jiayouxianqi","domain":"jiayouxianqi","weihao":"","gender":"f","followers_count":1771,"friends_count":537,"statuses_count":4355,"favourites_count":68,"created_at":"Wed Feb 24 00:00:00 +0800 2010","following":false,"allow_all_act_msg":false,"geo_enabled":false,"verified":false,"verified_type":220,"remark":"","allow_all_comment":true,"avatar_large":"http://tp4.sinaimg.cn/1699210123/180/5612075393/0","verified_reason":"","follow_me":false,"online_status":1,"bi_followers_count":371,"lang":"zh-cn"},"mid":"20210052693991001","idstr":"475705263","status":{"created_at":"Wed May 26 18:00:25 +0800 2010","id":460027426,"mid":"20110052618836123","idstr":"460027426","text":"这怎么个情况啊？","source":"<a href=\"\" rel=\"nofollow\"></a>","favorited":false,"truncated":false,"in_reply_to_status_id":"","in_reply_to_user_id":"","in_reply_to_screen_name":"","thumbnail_pic":"http://ss6.sinaimg.cn/thumbnail/6251b89bt876701c10645&690","bmiddle_pic":"http://ss6.sinaimg.cn/bmiddle/6251b89bt876701c10645&690","original_pic":"http://ss6.sinaimg.cn/orignal/6251b89bt876701c10645&690","geo":null,"user":{"id":3088909,"idstr":"3088909","screen_name":"Aric陈轩","name":"Aric陈轩","province":"11","city":"5","location":"北京 朝阳区","description":"一个折腾的人！ Never Go, Never Know!","url":"http://blog.sina.com.cn/chinatalent","profile_image_url":"http://tp2.sinaimg.cn/3088909/50/5611831149/1","profile_url":"123022422","domain":"chinatalent","weihao":"123022422","gender":"m","followers_count":4567,"friends_count":368,"statuses_count":970,"favourites_count":12,"created_at":"Wed Apr 07 00:00:00 +0800 2010","following":false,"allow_all_act_msg":true,"geo_enabled":true,"verified":false,"verified_type":220,"remark":"","allow_all_comment":true,"avatar_large":"http://tp2.sinaimg.cn/3088909/180/5611831149/1","verified_reason":"","follow_me":false,"online_status":0,"bi_followers_count":175,"lang":"zh-cn"},"retweeted_status":{"created_at":"Tue May 25 16:44:22 +0800 2010","id":3184708181819457,"mid":"20110052516815495","idstr":"3184708181819457","text":"抱歉，此微博已被原作者删除。如需帮助，请联系客服。http://t.cn/z0D6ZaQ","deleted":"1"},"reposts_count":0,"comments_count":0,"mlevel":0,"visible":{"type":0,"list_id":0}}}],"hasvisible":true,"previous_cursor":0,"next_cursor":0,"total_number":2}

4155615 DEBUG [2012-04-17 20:51:49]  Request:
4155615 DEBUG [2012-04-17 20:51:49]  GET:https://api.weibo.com/2/comments/show.json
4155618 DEBUG [2012-04-17 20:51:49]  Authorization: OAuth2 2.00bYpXtBSiwMBE39c254d000jqjvnC
4155618 DEBUG [2012-04-17 20:51:49]  API-RemoteIP: 122.204.142.138
4156104 DEBUG [2012-04-17 20:51:50]  Response:
4156104 DEBUG [2012-04-17 20:51:50]  https StatusCode:200
4156104 DEBUG [2012-04-17 20:51:50]  Server:nginx/1.1.17
4156104 DEBUG [2012-04-17 20:51:50]  Date:Tue, 17 Apr 2012 12:51:50 GMT
4156104 DEBUG [2012-04-17 20:51:50]  Content-Type:application/json;charset=UTF-8
4156104 DEBUG [2012-04-17 20:51:50]  Content-Length:6132
4156104 DEBUG [2012-04-17 20:51:50]  Connection:keep-alive
4156104 DEBUG [2012-04-17 20:51:50]  Api-Server-IP:10.75.24.206
4156104 DEBUG [2012-04-17 20:51:50]  Vary:Accept-Encoding
4156104 DEBUG [2012-04-17 20:51:50]  X-Varnish:2384580494
4156105 DEBUG [2012-04-17 20:51:50]  Age:0
4156105 DEBUG [2012-04-17 20:51:50]  Via:1.1 varnish
4156105 DEBUG [2012-04-17 20:51:50]  {"comments":[{"created_at":"Wed May 26 08:40:37 +0800 2010","id":468735293,"text":"回复 @Jackiss:多谢支持","source":"<a href=\"http://m.weibo.com/web/cellphone.php#mobile\" rel=\"nofollow\">新浪微博手机版</a>","user":{"id":3088909,"idstr":"3088909","screen_name":"Aric陈轩","name":"Aric陈轩","province":"11","city":"5","location":"北京 朝阳区","description":"一个折腾的人！ Never Go, Never Know!","url":"http://blog.sina.com.cn/chinatalent","profile_image_url":"http://tp2.sinaimg.cn/3088909/50/5611831149/1","profile_url":"123022422","domain":"chinatalent","weihao":"123022422","gender":"m","followers_count":4567,"friends_count":368,"statuses_count":970,"favourites_count":12,"created_at":"Wed Apr 07 00:00:00 +0800 2010","following":false,"allow_all_act_msg":true,"geo_enabled":true,"verified":false,"verified_type":220,"remark":"","allow_all_comment":true,"avatar_large":"http://tp2.sinaimg.cn/3088909/180/5611831149/1","verified_reason":"","follow_me":false,"online_status":0,"bi_followers_count":175,"lang":"zh-cn"},"mid":"20210052692725359","idstr":"468735293","status":{"created_at":"Tue May 25 20:04:06 +0800 2010","id":450958003,"mid":"20110052517153122","idstr":"450958003","text":"加本人微博的，每20人中随机抽取1名，免费赠送价值30元的意大利设计杂志《居CASA DA ABITARE》一本（免邮费），获奖名单将在本微博上公布。共100本。加满2000人活动自动停止。","source":"<a href=\"\" rel=\"nofollow\"></a>","favorited":false,"truncated":false,"in_reply_to_status_id":"","in_reply_to_user_id":"","in_reply_to_screen_name":"","geo":null,"user":{"id":3088909,"idstr":"3088909","screen_name":"Aric陈轩","name":"Aric陈轩","province":"11","city":"5","location":"北京 朝阳区","description":"一个折腾的人！ Never Go, Never Know!","url":"http://blog.sina.com.cn/chinatalent","profile_image_url":"http://tp2.sinaimg.cn/3088909/50/5611831149/1","profile_url":"123022422","domain":"chinatalent","weihao":"123022422","gender":"m","followers_count":4567,"friends_count":368,"statuses_count":970,"favourites_count":12,"created_at":"Wed Apr 07 00:00:00 +0800 2010","following":false,"allow_all_act_msg":true,"geo_enabled":true,"verified":false,"verified_type":220,"remark":"","allow_all_comment":true,"avatar_large":"http://tp2.sinaimg.cn/3088909/180/5611831149/1","verified_reason":"","follow_me":false,"online_status":0,"bi_followers_count":175,"lang":"zh-cn"},"reposts_count":0,"comments_count":0,"mlevel":0,"visible":{"type":0,"list_id":0}},"reply_comment":{"created_at":"Wed May 26 01:04:05 +0800 2010","id":467792083,"text":"来支持下","source":"<a href=\"\" rel=\"nofollow\"></a>","user":{"id":1714423570,"idstr":"1714423570","screen_name":"水东桥","name":"水东桥","province":"31","city":"12","location":"上海 闵行区","description":"数码控，Cisco，爱运动、爱生活！","url":"http://blog.sina.com.cn/xushangjian","profile_image_url":"http://tp3.sinaimg.cn/1714423570/50/5610771027/1","profile_url":"316026888","domain":"xushangjian","weihao":"316026888","gender":"m","followers_count":431,"friends_count":360,"statuses_count":1543,"favourites_count":292,"created_at":"Fri Mar 19 00:00:00 +0800 2010","following":false,"allow_all_act_msg":false,"geo_enabled":true,"verified":false,"verified_type":-1,"remark":"","allow_all_comment":true,"avatar_large":"http://tp3.sinaimg.cn/1714423570/180/5610771027/1","verified_reason":"","follow_me":false,"online_status":1,"bi_followers_count":25,"lang":"zh-cn"},"mid":"20210052692553969","idstr":"467792083"}},{"created_at":"Wed May 26 01:04:05 +0800 2010","id":467792083,"text":"来支持下","source":"<a href=\"http://weibo.com\" rel=\"nofollow\">新浪微博</a>","user":{"id":1714423570,"idstr":"1714423570","screen_name":"水东桥","name":"水东桥","province":"31","city":"12","location":"上海 闵行区","description":"数码控，Cisco，爱运动、爱生活！","url":"http://blog.sina.com.cn/xushangjian","profile_image_url":"http://tp3.sinaimg.cn/1714423570/50/5610771027/1","profile_url":"316026888","domain":"xushangjian","weihao":"316026888","gender":"m","followers_count":431,"friends_count":360,"statuses_count":1543,"favourites_count":292,"created_at":"Fri Mar 19 00:00:00 +0800 2010","following":false,"allow_all_act_msg":false,"geo_enabled":true,"verified":false,"verified_type":-1,"remark":"","allow_all_comment":true,"avatar_large":"http://tp3.sinaimg.cn/1714423570/180/5610771027/1","verified_reason":"","follow_me":false,"online_status":1,"bi_followers_count":25,"lang":"zh-cn"},"mid":"20210052692553969","idstr":"467792083","status":{"created_at":"Tue May 25 20:04:06 +0800 2010","id":450958003,"mid":"20110052517153122","idstr":"450958003","text":"加本人微博的，每20人中随机抽取1名，免费赠送价值30元的意大利设计杂志《居CASA DA ABITARE》一本（免邮费），获奖名单将在本微博上公布。共100本。加满2000人活动自动停止。","source":"<a href=\"\" rel=\"nofollow\"></a>","favorited":false,"truncated":false,"in_reply_to_status_id":"","in_reply_to_user_id":"","in_reply_to_screen_name":"","geo":null,"user":{"id":3088909,"idstr":"3088909","screen_name":"Aric陈轩","name":"Aric陈轩","province":"11","city":"5","location":"北京 朝阳区","description":"一个折腾的人！ Never Go, Never Know!","url":"http://blog.sina.com.cn/chinatalent","profile_image_url":"http://tp2.sinaimg.cn/3088909/50/5611831149/1","profile_url":"123022422","domain":"chinatalent","weihao":"123022422","gender":"m","followers_count":4567,"friends_count":368,"statuses_count":970,"favourites_count":12,"created_at":"Wed Apr 07 00:00:00 +0800 2010","following":false,"allow_all_act_msg":true,"geo_enabled":true,"verified":false,"verified_type":220,"remark":"","allow_all_comment":true,"avatar_large":"http://tp2.sinaimg.cn/3088909/180/5611831149/1","verified_reason":"","follow_me":false,"online_status":0,"bi_followers_count":175,"lang":"zh-cn"},"reposts_count":0,"comments_count":0,"mlevel":0,"visible":{"type":0,"list_id":0}}}],"hasvisible":true,"previous_cursor":0,"next_cursor":0,"total_number":2}

4156106 DEBUG [2012-04-17 20:51:50]  Request:
4156106 DEBUG [2012-04-17 20:51:50]  GET:https://api.weibo.com/2/comments/show.json
4156108 DEBUG [2012-04-17 20:51:50]  Authorization: OAuth2 2.00bYpXtBSiwMBE39c254d000jqjvnC
4156109 DEBUG [2012-04-17 20:51:50]  API-RemoteIP: 122.204.142.138
4156373 DEBUG [2012-04-17 20:51:50]  Response:
4156373 DEBUG [2012-04-17 20:51:50]  https StatusCode:200
4156373 DEBUG [2012-04-17 20:51:50]  Server:nginx/1.1.17
4156373 DEBUG [2012-04-17 20:51:50]  Date:Tue, 17 Apr 2012 12:51:50 GMT
4156373 DEBUG [2012-04-17 20:51:50]  Content-Type:application/json;charset=UTF-8
4156373 DEBUG [2012-04-17 20:51:50]  Content-Length:2638
4156373 DEBUG [2012-04-17 20:51:50]  Connection:keep-alive
4156374 DEBUG [2012-04-17 20:51:50]  Api-Server-IP:10.75.24.204
4156374 DEBUG [2012-04-17 20:51:50]  Vary:Accept-Encoding
4156374 DEBUG [2012-04-17 20:51:50]  X-Varnish:1761669649
4156374 DEBUG [2012-04-17 20:51:50]  Age:0
4156374 DEBUG [2012-04-17 20:51:50]  Via:1.1 varnish
4156374 DEBUG [2012-04-17 20:51:50]  {"comments":[{"created_at":"Tue May 25 17:17:01 +0800 2010","id":461719257,"text":"与中央调控楼市可媲美的人类智慧：在11跳以后，富士康在员工跳楼处装上了围栏。这里我替郭总表个态--我将在任期里解决跳楼问题！","source":"<a href=\"http://weibo.com\" rel=\"nofollow\">新浪微博</a>","user":{"id":1745791670,"idstr":"1745791670","screen_name":"耳东无字","name":"耳东无字","province":"31","city":"5","location":"上海 长宁区","description":"我为财静","url":"","profile_image_url":"http://tp3.sinaimg.cn/1745791670/50/5625745643/1","profile_url":"u/1745791670","domain":"","weihao":"","gender":"m","followers_count":345,"friends_count":266,"statuses_count":876,"favourites_count":1,"created_at":"Sun May 23 00:00:00 +0800 2010","following":false,"allow_all_act_msg":true,"geo_enabled":true,"verified":false,"verified_type":-1,"remark":"","allow_all_comment":true,"avatar_large":"http://tp3.sinaimg.cn/1745791670/180/5625745643/1","verified_reason":"","follow_me":false,"online_status":1,"bi_followers_count":187,"lang":"zh-cn"},"mid":"20210052591450745","idstr":"461719257","status":{"created_at":"Tue May 25 16:58:17 +0800 2010","id":449261937,"mid":"20110052516840718","idstr":"449261937","text":"今天你心情郁闷，不想活了么？富士康提供完美的跳楼场所，以及全方位的跳楼理由，加上一周一跳的跳楼气氛，你还在犹豫什么，马上拨打电话，加入富士康！","source":"<a href=\"\" rel=\"nofollow\"></a>","favorited":false,"truncated":false,"in_reply_to_status_id":"","in_reply_to_user_id":"","in_reply_to_screen_name":"","geo":null,"user":{"id":3088909,"idstr":"3088909","screen_name":"Aric陈轩","name":"Aric陈轩","province":"11","city":"5","location":"北京 朝阳区","description":"一个折腾的人！ Never Go, Never Know!","url":"http://blog.sina.com.cn/chinatalent","profile_image_url":"http://tp2.sinaimg.cn/3088909/50/5611831149/1","profile_url":"123022422","domain":"chinatalent","weihao":"123022422","gender":"m","followers_count":4567,"friends_count":368,"statuses_count":970,"favourites_count":12,"created_at":"Wed Apr 07 00:00:00 +0800 2010","following":false,"allow_all_act_msg":true,"geo_enabled":true,"verified":false,"verified_type":220,"remark":"","allow_all_comment":true,"avatar_large":"http://tp2.sinaimg.cn/3088909/180/5611831149/1","verified_reason":"","follow_me":false,"online_status":0,"bi_followers_count":175,"lang":"zh-cn"},"reposts_count":0,"comments_count":0,"mlevel":0,"visible":{"type":0,"list_id":0}}}],"hasvisible":true,"previous_cursor":0,"next_cursor":0,"total_number":1}

4156375 DEBUG [2012-04-17 20:51:50]  Request:
4156375 DEBUG [2012-04-17 20:51:50]  GET:https://api.weibo.com/2/comments/show.json
4156377 DEBUG [2012-04-17 20:51:50]  Authorization: OAuth2 2.00bYpXtBSiwMBE39c254d000jqjvnC
4156377 DEBUG [2012-04-17 20:51:50]  API-RemoteIP: 122.204.142.138
4157147 DEBUG [2012-04-17 20:51:51]  Response:
4157147 DEBUG [2012-04-17 20:51:51]  https StatusCode:200
4157147 DEBUG [2012-04-17 20:51:51]  Server:nginx/1.1.17
4157147 DEBUG [2012-04-17 20:51:51]  Date:Tue, 17 Apr 2012 12:51:51 GMT
4157147 DEBUG [2012-04-17 20:51:51]  Content-Type:application/json;charset=UTF-8
4157147 DEBUG [2012-04-17 20:51:51]  Content-Length:86
4157147 DEBUG [2012-04-17 20:51:51]  Connection:keep-alive
4157147 DEBUG [2012-04-17 20:51:51]  Api-Server-IP:10.75.0.175
4157148 DEBUG [2012-04-17 20:51:51]  Vary:Accept-Encoding
4157148 DEBUG [2012-04-17 20:51:51]  X-Varnish:1914630494
4157148 DEBUG [2012-04-17 20:51:51]  Age:0
4157148 DEBUG [2012-04-17 20:51:51]  Via:1.1 varnish
4157148 DEBUG [2012-04-17 20:51:51]  {"comments":[],"hasvisible":true,"previous_cursor":0,"next_cursor":0,"total_number":1}

0    DEBUG [2012-04-23 18:36:10]  Request:
14   DEBUG [2012-04-23 18:36:11]  GET:https://api.weibo.com/2/statuses/repost_timeline.json
211  DEBUG [2012-04-23 18:36:11]  Authorization: OAuth2 2.00DdJ8lB0FVbra0910662e5cjt3vbB
211  DEBUG [2012-04-23 18:36:11]  API-RemoteIP: 122.204.142.138
11557 DEBUG [2012-04-23 18:36:22]  Response:
11558 DEBUG [2012-04-23 18:36:22]  https StatusCode:400
11558 DEBUG [2012-04-23 18:36:22]  Server:nginx/1.1.17
11558 DEBUG [2012-04-23 18:36:22]  Date:Mon, 23 Apr 2012 10:36:01 GMT
11558 DEBUG [2012-04-23 18:36:22]  Content-Type:application/json;charset=UTF-8
11558 DEBUG [2012-04-23 18:36:22]  Content-Length:89
11559 DEBUG [2012-04-23 18:36:22]  Connection:keep-alive
11559 DEBUG [2012-04-23 18:36:22]  Api-Server-IP:10.75.0.175
11559 DEBUG [2012-04-23 18:36:22]  Vary:Accept-Encoding
11559 DEBUG [2012-04-23 18:36:22]  X-Varnish:2696650514
11559 DEBUG [2012-04-23 18:36:22]  Age:0
11560 DEBUG [2012-04-23 18:36:22]  Via:1.1 varnish
11605 DEBUG [2012-04-23 18:36:22]  {"error":"expired_token","error_code":21327,"request":"/2/statuses/repost_timeline.json"}

0    DEBUG [2012-04-23 18:37:34]  Request:
4    DEBUG [2012-04-23 18:37:34]  GET:https://api.weibo.com/2/statuses/repost_timeline.json
88   DEBUG [2012-04-23 18:37:34]  Authorization: OAuth2 2.00DdJ8lBQ_jEAEa9dbc98f9cncZBbB
88   DEBUG [2012-04-23 18:37:34]  API-RemoteIP: 122.204.142.138
2188 DEBUG [2012-04-23 18:37:36]  Response:
2189 DEBUG [2012-04-23 18:37:36]  https StatusCode:200
2189 DEBUG [2012-04-23 18:37:36]  Server:nginx/1.1.17
2189 DEBUG [2012-04-23 18:37:36]  Date:Mon, 23 Apr 2012 10:37:15 GMT
2189 DEBUG [2012-04-23 18:37:36]  Content-Type:application/json;charset=UTF-8
2189 DEBUG [2012-04-23 18:37:36]  Content-Length:3160
2190 DEBUG [2012-04-23 18:37:36]  Connection:keep-alive
2190 DEBUG [2012-04-23 18:37:36]  Api-Server-IP:10.75.0.172
2190 DEBUG [2012-04-23 18:37:36]  Vary:Accept-Encoding
2190 DEBUG [2012-04-23 18:37:36]  X-Varnish:2551521274
2191 DEBUG [2012-04-23 18:37:36]  Age:0
2192 DEBUG [2012-04-23 18:37:36]  Via:1.1 varnish
2202 DEBUG [2012-04-23 18:37:36]  {"reposts":[{"created_at":"Sat Mar 31 02:19:30 +0800 2012","id":3429464728000808,"mid":"3429464728000808","idstr":"3429464728000808","text":"旅游还惦记着jojojo.... :(//@年轻的麦太://@沈浩老师:@文彤老师 //@沈浩老师: 回复@复旦人力资源研究: 实践是最好的开始，网上很多资料，关注一些博客，书籍可以看看：@张文彤 老师的SPSS教程 //@复旦人力资源研究:请沈老师推荐几本spss的入门教材。最好由浅入深的。","source":"<a href=\"http://m.weibo.com/web/cellphone.php#mobile\" rel=\"nofollow\">新浪微博手机版</a>","favorited":false,"truncated":false,"in_reply_to_status_id":"","in_reply_to_user_id":"","in_reply_to_screen_name":"","geo":null,"user":{"id":1882446265,"idstr":"1882446265","screen_name":"夢雲Molly","name":"夢雲Molly","province":"400","city":"2","location":"海外 英国","description":"","url":"","profile_image_url":"http://tp2.sinaimg.cn/1882446265/50/1296534343/0","profile_url":"u/1882446265","domain":"","weihao":"","gender":"f","followers_count":263,"friends_count":241,"statuses_count":422,"favourites_count":32,"created_at":"Sat Dec 04 00:00:00 +0800 2010","following":false,"allow_all_act_msg":false,"geo_enabled":true,"verified":false,"verified_type":-1,"remark":"","allow_all_comment":false,"avatar_large":"http://tp2.sinaimg.cn/1882446265/180/1296534343/0","verified_reason":"","follow_me":false,"online_status":0,"bi_followers_count":59,"lang":"zh-cn"},"retweeted_status":{"created_at":"Sun Mar 25 22:08:43 +0800 2012","id":3427589676759303,"mid":"3427589676759303","idstr":"3427589676759303","text":"@沈浩老师 ，您好。我在弄一个预测模型。现在有80周某快速消费品的销售量、价格、某配料价格、当星期促销活动哑变量（0或1）和其他8个节日哑变量，想建立一个预测模型预测接下来10周的销售量。我想问下，用什么模型比较好还有大概做法是怎样的，谢谢。","source":"<a href=\"http://weibo.com\" rel=\"nofollow\">新浪微博</a>","favorited":false,"truncated":false,"in_reply_to_status_id":"","in_reply_to_user_id":"","in_reply_to_screen_name":"","geo":null,"user":{"id":2246287090,"idstr":"2246287090","screen_name":"数据挖掘初学者","name":"数据挖掘初学者","province":"44","city":"1","location":"广东 广州","description":"","url":"","profile_image_url":"http://tp3.sinaimg.cn/2246287090/50/0/1","profile_url":"u/2246287090","domain":"","weihao":"","gender":"m","followers_count":6,"friends_count":1,"statuses_count":3,"favourites_count":0,"created_at":"Thu Jul 14 00:00:00 +0800 2011","following":false,"allow_all_act_msg":false,"geo_enabled":true,"verified":false,"verified_type":-1,"remark":"","allow_all_comment":true,"avatar_large":"http://tp3.sinaimg.cn/2246287090/180/0/1","verified_reason":"","follow_me":false,"online_status":0,"bi_followers_count":0,"lang":"zh-cn"},"reposts_count":35,"comments_count":7,"mlevel":0,"visible":{"type":0,"list_id":0}},"reposts_count":0,"comments_count":0,"mlevel":0,"visible":{"type":0,"list_id":0}}],"hasvisible":true,"previous_cursor":0,"next_cursor":3428186585020485,"total_number":35}

0    DEBUG [2012-04-23 18:40:53]  Request:
2    DEBUG [2012-04-23 18:40:53]  GET:https://api.weibo.com/2/statuses/repost_timeline.json
90   DEBUG [2012-04-23 18:40:53]  Authorization: OAuth2 2.00DdJ8lBQ_jEAEa9dbc98f9cncZBbB
90   DEBUG [2012-04-23 18:40:53]  API-RemoteIP: 122.204.142.138
5628 DEBUG [2012-04-23 18:40:59]  Response:
5628 DEBUG [2012-04-23 18:40:59]  https StatusCode:200
5628 DEBUG [2012-04-23 18:40:59]  Server:nginx/1.1.17
5628 DEBUG [2012-04-23 18:40:59]  Date:Mon, 23 Apr 2012 10:40:38 GMT
5628 DEBUG [2012-04-23 18:40:59]  Content-Type:application/json;charset=UTF-8
5629 DEBUG [2012-04-23 18:40:59]  Content-Length:3161
5629 DEBUG [2012-04-23 18:40:59]  Connection:keep-alive
5629 DEBUG [2012-04-23 18:40:59]  Api-Server-IP:10.73.14.158
5629 DEBUG [2012-04-23 18:40:59]  Vary:Accept-Encoding
5629 DEBUG [2012-04-23 18:40:59]  X-Varnish:1793401938
5630 DEBUG [2012-04-23 18:40:59]  Age:0
5630 DEBUG [2012-04-23 18:40:59]  Via:1.1 varnish
5646 DEBUG [2012-04-23 18:40:59]  {"reposts":[{"created_at":"Sat Mar 31 02:19:30 +0800 2012","id":3429464728000808,"mid":"3429464728000808","idstr":"3429464728000808","text":"旅游还惦记着jojojo.... :(//@年轻的麦太://@沈浩老师:@文彤老师 //@沈浩老师: 回复@复旦人力资源研究: 实践是最好的开始，网上很多资料，关注一些博客，书籍可以看看：@张文彤 老师的SPSS教程 //@复旦人力资源研究:请沈老师推荐几本spss的入门教材。最好由浅入深的。","source":"<a href=\"http://m.weibo.com/web/cellphone.php#mobile\" rel=\"nofollow\">新浪微博手机版</a>","favorited":false,"truncated":false,"in_reply_to_status_id":"","in_reply_to_user_id":"","in_reply_to_screen_name":"","geo":null,"user":{"id":1882446265,"idstr":"1882446265","screen_name":"夢雲Molly","name":"夢雲Molly","province":"400","city":"2","location":"海外 英国","description":"","url":"","profile_image_url":"http://tp2.sinaimg.cn/1882446265/50/1296534343/0","profile_url":"u/1882446265","domain":"","weihao":"","gender":"f","followers_count":263,"friends_count":241,"statuses_count":422,"favourites_count":32,"created_at":"Sat Dec 04 00:00:00 +0800 2010","following":false,"allow_all_act_msg":false,"geo_enabled":true,"verified":false,"verified_type":-1,"remark":"","allow_all_comment":false,"avatar_large":"http://tp2.sinaimg.cn/1882446265/180/1296534343/0","verified_reason":"","follow_me":false,"online_status":0,"bi_followers_count":59,"lang":"zh-cn"},"retweeted_status":{"created_at":"Sun Mar 25 22:08:43 +0800 2012","id":3427589676759303,"mid":"3427589676759303","idstr":"3427589676759303","text":"@沈浩老师 ，您好。我在弄一个预测模型。现在有80周某快速消费品的销售量、价格、某配料价格、当星期促销活动哑变量（0或1）和其他8个节日哑变量，想建立一个预测模型预测接下来10周的销售量。我想问下，用什么模型比较好还有大概做法是怎样的，谢谢。","source":"<a href=\"http://weibo.com\" rel=\"nofollow\">新浪微博</a>","favorited":false,"truncated":false,"in_reply_to_status_id":"","in_reply_to_user_id":"","in_reply_to_screen_name":"","geo":null,"user":{"id":2246287090,"idstr":"2246287090","screen_name":"数据挖掘初学者","name":"数据挖掘初学者","province":"44","city":"1","location":"广东 广州","description":"","url":"","profile_image_url":"http://tp3.sinaimg.cn/2246287090/50/0/1","profile_url":"u/2246287090","domain":"","weihao":"","gender":"m","followers_count":6,"friends_count":1,"statuses_count":3,"favourites_count":0,"created_at":"Thu Jul 14 00:00:00 +0800 2011","following":false,"allow_all_act_msg":false,"geo_enabled":true,"verified":false,"verified_type":-1,"remark":"","allow_all_comment":true,"avatar_large":"http://tp3.sinaimg.cn/2246287090/180/0/1","verified_reason":"","follow_me":false,"online_status":0,"bi_followers_count":0,"lang":"zh-cn"},"reposts_count":35,"comments_count":7,"mlevel":0,"visible":{"type":0,"list_id":0}},"reposts_count":0,"comments_count":0,"mlevel":0,"visible":{"type":0,"list_id":0}}],"hasvisible":false,"previous_cursor":0,"next_cursor":3428186585020485,"total_number":35}

0    DEBUG [2012-04-23 18:42:00]  Request:
1    DEBUG [2012-04-23 18:42:00]  GET:https://api.weibo.com/2/statuses/repost_timeline.json
78   DEBUG [2012-04-23 18:42:00]  Authorization: OAuth2 2.00DdJ8lBQ_jEAEa9dbc98f9cncZBbB
79   DEBUG [2012-04-23 18:42:00]  API-RemoteIP: 122.204.142.138
2797 DEBUG [2012-04-23 18:42:03]  Response:
2798 DEBUG [2012-04-23 18:42:03]  https StatusCode:200
2798 DEBUG [2012-04-23 18:42:03]  Server:nginx/1.1.17
2798 DEBUG [2012-04-23 18:42:03]  Date:Mon, 23 Apr 2012 10:41:42 GMT
2798 DEBUG [2012-04-23 18:42:03]  Content-Type:application/json;charset=UTF-8
2798 DEBUG [2012-04-23 18:42:03]  Content-Length:3160
2799 DEBUG [2012-04-23 18:42:03]  Connection:keep-alive
2799 DEBUG [2012-04-23 18:42:03]  Api-Server-IP:10.75.0.173
2799 DEBUG [2012-04-23 18:42:03]  Vary:Accept-Encoding
2799 DEBUG [2012-04-23 18:42:03]  X-Varnish:2552013903
2799 DEBUG [2012-04-23 18:42:03]  Age:0
2800 DEBUG [2012-04-23 18:42:03]  Via:1.1 varnish
2810 DEBUG [2012-04-23 18:42:03]  {"reposts":[{"created_at":"Sat Mar 31 02:19:30 +0800 2012","id":3429464728000808,"mid":"3429464728000808","idstr":"3429464728000808","text":"旅游还惦记着jojojo.... :(//@年轻的麦太://@沈浩老师:@文彤老师 //@沈浩老师: 回复@复旦人力资源研究: 实践是最好的开始，网上很多资料，关注一些博客，书籍可以看看：@张文彤 老师的SPSS教程 //@复旦人力资源研究:请沈老师推荐几本spss的入门教材。最好由浅入深的。","source":"<a href=\"http://m.weibo.com/web/cellphone.php#mobile\" rel=\"nofollow\">新浪微博手机版</a>","favorited":false,"truncated":false,"in_reply_to_status_id":"","in_reply_to_user_id":"","in_reply_to_screen_name":"","geo":null,"user":{"id":1882446265,"idstr":"1882446265","screen_name":"夢雲Molly","name":"夢雲Molly","province":"400","city":"2","location":"海外 英国","description":"","url":"","profile_image_url":"http://tp2.sinaimg.cn/1882446265/50/1296534343/0","profile_url":"u/1882446265","domain":"","weihao":"","gender":"f","followers_count":263,"friends_count":241,"statuses_count":422,"favourites_count":32,"created_at":"Sat Dec 04 00:00:00 +0800 2010","following":false,"allow_all_act_msg":false,"geo_enabled":true,"verified":false,"verified_type":-1,"remark":"","allow_all_comment":false,"avatar_large":"http://tp2.sinaimg.cn/1882446265/180/1296534343/0","verified_reason":"","follow_me":false,"online_status":0,"bi_followers_count":59,"lang":"zh-cn"},"retweeted_status":{"created_at":"Sun Mar 25 22:08:43 +0800 2012","id":3427589676759303,"mid":"3427589676759303","idstr":"3427589676759303","text":"@沈浩老师 ，您好。我在弄一个预测模型。现在有80周某快速消费品的销售量、价格、某配料价格、当星期促销活动哑变量（0或1）和其他8个节日哑变量，想建立一个预测模型预测接下来10周的销售量。我想问下，用什么模型比较好还有大概做法是怎样的，谢谢。","source":"<a href=\"http://weibo.com\" rel=\"nofollow\">新浪微博</a>","favorited":false,"truncated":false,"in_reply_to_status_id":"","in_reply_to_user_id":"","in_reply_to_screen_name":"","geo":null,"user":{"id":2246287090,"idstr":"2246287090","screen_name":"数据挖掘初学者","name":"数据挖掘初学者","province":"44","city":"1","location":"广东 广州","description":"","url":"","profile_image_url":"http://tp3.sinaimg.cn/2246287090/50/0/1","profile_url":"u/2246287090","domain":"","weihao":"","gender":"m","followers_count":6,"friends_count":1,"statuses_count":3,"favourites_count":0,"created_at":"Thu Jul 14 00:00:00 +0800 2011","following":false,"allow_all_act_msg":false,"geo_enabled":true,"verified":false,"verified_type":-1,"remark":"","allow_all_comment":true,"avatar_large":"http://tp3.sinaimg.cn/2246287090/180/0/1","verified_reason":"","follow_me":false,"online_status":0,"bi_followers_count":0,"lang":"zh-cn"},"reposts_count":35,"comments_count":7,"mlevel":0,"visible":{"type":0,"list_id":0}},"reposts_count":0,"comments_count":0,"mlevel":0,"visible":{"type":0,"list_id":0}}],"hasvisible":true,"previous_cursor":0,"next_cursor":3428186585020485,"total_number":35}

0    DEBUG [2012-04-23 18:43:25]  Request:
3    DEBUG [2012-04-23 18:43:25]  GET:https://api.weibo.com/2/statuses/repost_timeline.json
85   DEBUG [2012-04-23 18:43:25]  Authorization: OAuth2 2.00DdJ8lBQ_jEAEa9dbc98f9cncZBbB
85   DEBUG [2012-04-23 18:43:25]  API-RemoteIP: 122.204.142.138
977  DEBUG [2012-04-23 18:43:25]  Response:
978  DEBUG [2012-04-23 18:43:25]  https StatusCode:200
978  DEBUG [2012-04-23 18:43:25]  Server:nginx/1.1.17
978  DEBUG [2012-04-23 18:43:25]  Date:Mon, 23 Apr 2012 10:43:05 GMT
979  DEBUG [2012-04-23 18:43:25]  Content-Type:application/json;charset=UTF-8
979  DEBUG [2012-04-23 18:43:25]  Content-Length:3160
979  DEBUG [2012-04-23 18:43:25]  Connection:keep-alive
979  DEBUG [2012-04-23 18:43:25]  Api-Server-IP:10.75.0.172
979  DEBUG [2012-04-23 18:43:25]  Vary:Accept-Encoding
980  DEBUG [2012-04-23 18:43:25]  X-Varnish:2697437664
980  DEBUG [2012-04-23 18:43:25]  Age:0
980  DEBUG [2012-04-23 18:43:25]  Via:1.1 varnish
990  DEBUG [2012-04-23 18:43:26]  {"reposts":[{"created_at":"Sat Mar 31 02:19:30 +0800 2012","id":3429464728000808,"mid":"3429464728000808","idstr":"3429464728000808","text":"旅游还惦记着jojojo.... :(//@年轻的麦太://@沈浩老师:@文彤老师 //@沈浩老师: 回复@复旦人力资源研究: 实践是最好的开始，网上很多资料，关注一些博客，书籍可以看看：@张文彤 老师的SPSS教程 //@复旦人力资源研究:请沈老师推荐几本spss的入门教材。最好由浅入深的。","source":"<a href=\"http://m.weibo.com/web/cellphone.php#mobile\" rel=\"nofollow\">新浪微博手机版</a>","favorited":false,"truncated":false,"in_reply_to_status_id":"","in_reply_to_user_id":"","in_reply_to_screen_name":"","geo":null,"user":{"id":1882446265,"idstr":"1882446265","screen_name":"夢雲Molly","name":"夢雲Molly","province":"400","city":"2","location":"海外 英国","description":"","url":"","profile_image_url":"http://tp2.sinaimg.cn/1882446265/50/1296534343/0","profile_url":"u/1882446265","domain":"","weihao":"","gender":"f","followers_count":263,"friends_count":241,"statuses_count":422,"favourites_count":32,"created_at":"Sat Dec 04 00:00:00 +0800 2010","following":false,"allow_all_act_msg":false,"geo_enabled":true,"verified":false,"verified_type":-1,"remark":"","allow_all_comment":false,"avatar_large":"http://tp2.sinaimg.cn/1882446265/180/1296534343/0","verified_reason":"","follow_me":false,"online_status":0,"bi_followers_count":59,"lang":"zh-cn"},"retweeted_status":{"created_at":"Sun Mar 25 22:08:43 +0800 2012","id":3427589676759303,"mid":"3427589676759303","idstr":"3427589676759303","text":"@沈浩老师 ，您好。我在弄一个预测模型。现在有80周某快速消费品的销售量、价格、某配料价格、当星期促销活动哑变量（0或1）和其他8个节日哑变量，想建立一个预测模型预测接下来10周的销售量。我想问下，用什么模型比较好还有大概做法是怎样的，谢谢。","source":"<a href=\"http://weibo.com\" rel=\"nofollow\">新浪微博</a>","favorited":false,"truncated":false,"in_reply_to_status_id":"","in_reply_to_user_id":"","in_reply_to_screen_name":"","geo":null,"user":{"id":2246287090,"idstr":"2246287090","screen_name":"数据挖掘初学者","name":"数据挖掘初学者","province":"44","city":"1","location":"广东 广州","description":"","url":"","profile_image_url":"http://tp3.sinaimg.cn/2246287090/50/0/1","profile_url":"u/2246287090","domain":"","weihao":"","gender":"m","followers_count":6,"friends_count":1,"statuses_count":3,"favourites_count":0,"created_at":"Thu Jul 14 00:00:00 +0800 2011","following":false,"allow_all_act_msg":false,"geo_enabled":true,"verified":false,"verified_type":-1,"remark":"","allow_all_comment":true,"avatar_large":"http://tp3.sinaimg.cn/2246287090/180/0/1","verified_reason":"","follow_me":false,"online_status":0,"bi_followers_count":0,"lang":"zh-cn"},"reposts_count":35,"comments_count":7,"mlevel":0,"visible":{"type":0,"list_id":0}},"reposts_count":0,"comments_count":0,"mlevel":0,"visible":{"type":0,"list_id":0}}],"hasvisible":true,"previous_cursor":0,"next_cursor":3428186585020485,"total_number":35}

0    DEBUG [2012-05-08 20:54:38]  Request:
11   DEBUG [2012-05-08 20:54:38]  GET:https://api.weibo.com/2/statuses/user_timeline.json
153  DEBUG [2012-05-08 20:54:38]  Authorization: OAuth2 2.00DdJ8lB0FVbrafafc4e5bf0xkPSZC
153  DEBUG [2012-05-08 20:54:38]  API-RemoteIP: 122.204.142.138
1588 DEBUG [2012-05-08 20:54:39]  Response:
1588 DEBUG [2012-05-08 20:54:39]  https StatusCode:200
1589 DEBUG [2012-05-08 20:54:39]  Server:nginx/1.0.15
1589 DEBUG [2012-05-08 20:54:39]  Date:Tue, 08 May 2012 12:54:48 GMT
1589 DEBUG [2012-05-08 20:54:39]  Content-Type:application/json;charset=UTF-8
1589 DEBUG [2012-05-08 20:54:39]  Connection:keep-alive
1590 DEBUG [2012-05-08 20:54:39]  Api-Server-IP:10.75.0.170
1590 DEBUG [2012-05-08 20:54:39]  Vary:Accept-Encoding
1590 DEBUG [2012-05-08 20:54:39]  Content-Length:13512
1590 DEBUG [2012-05-08 20:54:39]  X-Varnish:748286150
1590 DEBUG [2012-05-08 20:54:39]  Age:0
1591 DEBUG [2012-05-08 20:54:39]  Via:1.1 varnish
1634 DEBUG [2012-05-08 20:54:39]  {"statuses":[{"created_at":"Tue May 08 17:35:34 +0800 2012","id":3443466002619023,"mid":"3443466002619023","idstr":"3443466002619023","text":"看看~","source":"<a href=\"http://weibo.com/\" rel=\"nofollow\">新浪微博</a>","favorited":false,"truncated":false,"in_reply_to_status_id":"","in_reply_to_user_id":"","in_reply_to_screen_name":"","geo":null,"user":{"id":1617092497,"idstr":"1617092497","screen_name":"都叫我老莫","name":"都叫我老莫","province":"42","city":"1","location":"湖北 武汉","description":"放肆的大闹一场","url":"http://www.liuxingyun1988.diandian.com","profile_image_url":"http://tp2.sinaimg.cn/1617092497/50/5612255015/1","profile_url":"u/1617092497","domain":"","weihao":"","gender":"m","followers_count":63,"friends_count":212,"statuses_count":179,"favourites_count":1,"created_at":"Fri Dec 31 00:00:00 +0800 2010","following":false,"allow_all_act_msg":false,"geo_enabled":true,"verified":false,"verified_type":-1,"remark":"","allow_all_comment":true,"avatar_large":"http://tp2.sinaimg.cn/1617092497/180/5612255015/1","verified_reason":"","follow_me":false,"online_status":1,"bi_followers_count":39,"lang":"zh-cn"},"retweeted_status":{"created_at":"Tue May 08 17:11:14 +0800 2012","id":3443459878580429,"mid":"3443459878580429","idstr":"3443459878580429","text":"【视频-8日官方5佳球格里芬诠释空接之城】http://t.cn/zO8w3A6 今天NBA季后赛激战两场，来看下NBA官方为我们带来的五佳球，爵士队虽然被马刺淘汰，可是哈里斯和费沃斯贡献的两记精彩盖帽还是精彩十足。快船队乔丹上演空中接力扣篮，格里芬(@BlakeGriffin )的两次暴扣更是上乘之作，扣得灰熊很难堪！","source":"<a href=\"http://weibo.com/\" rel=\"nofollow\">新浪微博</a>","favorited":false,"truncated":false,"in_reply_to_status_id":"","in_reply_to_user_id":"","in_reply_to_screen_name":"","geo":null,"user":{"id":1638781994,"idstr":"1638781994","screen_name":"新浪体育","name":"新浪体育","province":"11","city":"1000","location":"北京","description":"24小时滚动播报最新的体育快讯，趣闻和视频。新浪记者团带来独家图文报道。欢迎爆料、投稿，请发私信或者邮件： sports2009@vip.sina.com","url":"http://sports.sina.com.cn/","profile_image_url":"http://tp3.sinaimg.cn/1638781994/50/5630480119/1","profile_url":"sportschannel","domain":"sportschannel","weihao":"","gender":"m","followers_count":1729684,"friends_count":1185,"statuses_count":50939,"favourites_count":27,"created_at":"Fri Aug 28 00:00:00 +0800 2009","following":true,"allow_all_act_msg":true,"geo_enabled":true,"verified":true,"verified_type":3,"remark":"","allow_all_comment":true,"avatar_large":"http://tp3.sinaimg.cn/1638781994/180/5630480119/1","verified_reason":"新浪体育新闻官方微博","follow_me":false,"online_status":1,"bi_followers_count":679,"lang":"zh-cn"},"reposts_count":62,"comments_count":14,"mlevel":0,"visible":{"type":0,"list_id":0}},"reposts_count":0,"comments_count":0,"mlevel":0,"visible":{"type":0,"list_id":0}},{"created_at":"Tue May 08 17:33:49 +0800 2012","id":3443465562121172,"mid":"3443465562121172","idstr":"3443465562121172","text":"转发微博","source":"<a href=\"http://weibo.com/\" rel=\"nofollow\">新浪微博</a>","favorited":false,"truncated":false,"in_reply_to_status_id":"","in_reply_to_user_id":"","in_reply_to_screen_name":"","geo":null,"user":{"id":1617092497,"idstr":"1617092497","screen_name":"都叫我老莫","name":"都叫我老莫","province":"42","city":"1","location":"湖北 武汉","description":"放肆的大闹一场","url":"http://www.liuxingyun1988.diandian.com","profile_image_url":"http://tp2.sinaimg.cn/1617092497/50/5612255015/1","profile_url":"u/1617092497","domain":"","weihao":"","gender":"m","followers_count":63,"friends_count":212,"statuses_count":179,"favourites_count":1,"created_at":"Fri Dec 31 00:00:00 +0800 2010","following":false,"allow_all_act_msg":false,"geo_enabled":true,"verified":false,"verified_type":-1,"remark":"","allow_all_comment":true,"avatar_large":"http://tp2.sinaimg.cn/1617092497/180/5612255015/1","verified_reason":"","follow_me":false,"online_status":1,"bi_followers_count":39,"lang":"zh-cn"},"retweeted_status":{"created_at":"Tue May 08 17:18:25 +0800 2012","id":3443461691054074,"mid":"3443461691054074","idstr":"3443461691054074","text":"《Google 无人汽车在内华达州拿到许可，可以上路了》注意车牌：醒目的红色背景，还有一个无穷大的符号哦。Arstechnica 报道 http://t.cn/zOQk9jy","source":"<a href=\"http://weibo.com/\" rel=\"nofollow\">新浪微博</a>","favorited":false,"truncated":false,"in_reply_to_status_id":"","in_reply_to_user_id":"","in_reply_to_screen_name":"","thumbnail_pic":"http://ww4.sinaimg.cn/thumbnail/7cc829d3gw1dsr13yzrr1j.jpg","bmiddle_pic":"http://ww4.sinaimg.cn/bmiddle/7cc829d3gw1dsr13yzrr1j.jpg","original_pic":"http://ww4.sinaimg.cn/large/7cc829d3gw1dsr13yzrr1j.jpg","geo":null,"user":{"id":2093492691,"idstr":"2093492691","screen_name":"程序员的那些事","name":"程序员的那些事","province":"11","city":"5","location":"北京 朝阳区","description":"① 分享国内外同行的观点，关注程序员相关话题（IT/互联网资讯、职场、幽默、极客）。② 私信完全开放，【投稿、合作、招聘、猎头请私信】。","url":"http://blog.jobbole.com/category/programmer","profile_image_url":"http://tp4.sinaimg.cn/2093492691/50/5598072779/1","profile_url":"u/2093492691","domain":"","weihao":"","gender":"m","followers_count":64558,"friends_count":1364,"statuses_count":4286,"favourites_count":420,"created_at":"Mon Apr 18 00:00:00 +0800 2011","following":true,"allow_all_act_msg":true,"geo_enabled":false,"verified":false,"verified_type":220,"remark":"","allow_all_comment":true,"avatar_large":"http://tp4.sinaimg.cn/2093492691/180/5598072779/1","verified_reason":"","follow_me":false,"online_status":0,"bi_followers_count":1272,"lang":"zh-cn"},"reposts_count":117,"comments_count":37,"mlevel":0,"visible":{"type":0,"list_id":0}},"reposts_count":0,"comments_count":0,"mlevel":0,"visible":{"type":0,"list_id":0}},{"created_at":"Thu May 03 17:07:26 +0800 2012","id":3441646983329092,"mid":"3441646983329092","idstr":"3441646983329092","text":"转发微博","source":"<a href=\"http://weibo.com/\" rel=\"nofollow\">新浪微博</a>","favorited":false,"truncated":false,"in_reply_to_status_id":"","in_reply_to_user_id":"","in_reply_to_screen_name":"","geo":null,"user":{"id":1617092497,"idstr":"1617092497","screen_name":"都叫我老莫","name":"都叫我老莫","province":"42","city":"1","location":"湖北 武汉","description":"放肆的大闹一场","url":"http://www.liuxingyun1988.diandian.com","profile_image_url":"http://tp2.sinaimg.cn/1617092497/50/5612255015/1","profile_url":"u/1617092497","domain":"","weihao":"","gender":"m","followers_count":63,"friends_count":212,"statuses_count":179,"favourites_count":1,"created_at":"Fri Dec 31 00:00:00 +0800 2010","following":false,"allow_all_act_msg":false,"geo_enabled":true,"verified":false,"verified_type":-1,"remark":"","allow_all_comment":true,"avatar_large":"http://tp2.sinaimg.cn/1617092497/180/5612255015/1","verified_reason":"","follow_me":false,"online_status":1,"bi_followers_count":39,"lang":"zh-cn"},"retweeted_status":{"created_at":"Thu May 03 15:36:13 +0800 2012","id":3441624026290114,"mid":"3441624026290114","idstr":"3441624026290114","text":"张华平博士在2012中国网络科学论坛发表主题演讲 http://t.cn/zOH7s0H","source":"<a href=\"http://weibo.com/setting/import\" rel=\"nofollow\">关联博客</a>","favorited":false,"truncated":false,"in_reply_to_status_id":"","in_reply_to_user_id":"","in_reply_to_screen_name":"","geo":null,"user":{"id":1697142574,"idstr":"1697142574","screen_name":"ICTCLAS张华平博士","name":"ICTCLAS张华平博士","province":"11","city":"1000","location":"北京","description":"张华平博士的微博，专注于中文自然语言处理、信息检索、信息安全的学术交流与产业应用。欢迎访问自然语言处理与信息检索共享平台www.nlpir.org","url":"http://www.nlpir.org/","profile_image_url":"http://tp3.sinaimg.cn/1697142574/50/1291205605/1","profile_url":"drkevinzhang","domain":"drkevinzhang","weihao":"","gender":"m","followers_count":3322,"friends_count":420,"statuses_count":569,"favourites_count":5,"created_at":"Sat Feb 20 00:00:00 +0800 2010","following":true,"allow_all_act_msg":false,"geo_enabled":false,"verified":true,"verified_type":0,"remark":"","allow_all_comment":true,"avatar_large":"http://tp3.sinaimg.cn/1697142574/180/1291205605/1","verified_reason":"北京理工大学副研究员，硕导，实验室主任张华平","follow_me":false,"online_status":1,"bi_followers_count":241,"lang":"zh-cn"},"annotations":[{"server_ip":null}],"reposts_count":4,"comments_count":5,"mlevel":0,"visible":{"type":0,"list_id":0}},"reposts_count":0,"comments_count":3,"mlevel":0,"visible":{"type":0,"list_id":0}},{"created_at":"Mon Apr 30 12:10:12 +0800 2012","id":3440485018680444,"mid":"3440485018680444","idstr":"3440485018680444","text":"要去参加笔试的得看看~@黄梵也被注册了","source":"<a href=\"http://weibo.com/\" rel=\"nofollow\">新浪微博</a>","favorited":false,"truncated":false,"in_reply_to_status_id":"","in_reply_to_user_id":"","in_reply_to_screen_name":"","geo":null,"user":{"id":1617092497,"idstr":"1617092497","screen_name":"都叫我老莫","name":"都叫我老莫","province":"42","city":"1","location":"湖北 武汉","description":"放肆的大闹一场","url":"http://www.liuxingyun1988.diandian.com","profile_image_url":"http://tp2.sinaimg.cn/1617092497/50/5612255015/1","profile_url":"u/1617092497","domain":"","weihao":"","gender":"m","followers_count":63,"friends_count":212,"statuses_count":179,"favourites_count":1,"created_at":"Fri Dec 31 00:00:00 +0800 2010","following":false,"allow_all_act_msg":false,"geo_enabled":true,"verified":false,"verified_type":-1,"remark":"","allow_all_comment":true,"avatar_large":"http://tp2.sinaimg.cn/1617092497/180/5612255015/1","verified_reason":"","follow_me":false,"online_status":1,"bi_followers_count":39,"lang":"zh-cn"},"retweeted_status":{"created_at":"Mon Apr 30 12:06:38 +0800 2012","id":3440484120847856,"mid":"3440484120847856","idstr":"3440484120847856","text":"《2011百度数据挖掘研发工程师实习生笔试面试题》 （ http://t.cn/zOYu62H ） 对比 《2011Alibaba数据分析师（实习）试题解析》 （ http://t.cn/zOYu62T ）","source":"<a href=\"http://weibo.com/\" rel=\"nofollow\">新浪微博</a>","favorited":false,"truncated":false,"in_reply_to_status_id":"","in_reply_to_user_id":"","in_reply_to_screen_name":"","thumbnail_pic":"http://ww2.sinaimg.cn/thumbnail/690b1ad4gw1dshj5gs4yfj.jpg","bmiddle_pic":"http://ww2.sinaimg.cn/bmiddle/690b1ad4gw1dshj5gs4yfj.jpg","original_pic":"http://ww2.sinaimg.cn/large/690b1ad4gw1dshj5gs4yfj.jpg","geo":null,"user":{"id":1762335444,"idstr":"1762335444","screen_name":"数据挖掘研究院","name":"数据挖掘研究院","province":"400","city":"16","location":"海外 其他","description":"数据挖掘 @2004-2012，专业领域需要协助、曝光、招聘、广告等可私信 或 @","url":"http://www.ChinaKDD.com","profile_image_url":"http://tp1.sinaimg.cn/1762335444/50/1301148547/0","profile_url":"chinakdd","domain":"chinakdd","weihao":"","gender":"f","followers_count":10495,"friends_count":137,"statuses_count":391,"favourites_count":4,"created_at":"Tue Jun 15 13:39:50 +0800 2010","following":true,"allow_all_act_msg":true,"geo_enabled":false,"verified":true,"verified_type":5,"remark":"","allow_all_comment":true,"avatar_large":"http://tp1.sinaimg.cn/1762335444/180/1301148547/0","verified_reason":"数据挖掘研究院网站www.chinakdd.com官方微博","follow_me":false,"online_status":0,"bi_followers_count":89,"lang":"zh-cn"},"reposts_count":48,"comments_count":6,"mlevel":0,"visible":{"type":0,"list_id":0}},"reposts_count":0,"comments_count":1,"mlevel":0,"visible":{"type":0,"list_id":0}},{"created_at":"Sat Apr 28 05:53:43 +0800 2012","id":3439665502145889,"mid":"3439665502145889","idstr":"3439665502145889","text":"看看朦胧的清晨还是不错的~只睡了一小时多啊…小平板没电真不好受…","source":"<a href=\"http://down2.uc.cn/ucbrowser/html/?pub=chens@sina13&amp;title=&amp;url=\" rel=\"nofollow\">UC浏览器</a>","favorited":false,"truncated":false,"in_reply_to_status_id":"","in_reply_to_user_id":"","in_reply_to_screen_name":"","geo":null,"user":{"id":1617092497,"idstr":"1617092497","screen_name":"都叫我老莫","name":"都叫我老莫","province":"42","city":"1","location":"湖北 武汉","description":"放肆的大闹一场","url":"http://www.liuxingyun1988.diandian.com","profile_image_url":"http://tp2.sinaimg.cn/1617092497/50/5612255015/1","profile_url":"u/1617092497","domain":"","weihao":"","gender":"m","followers_count":63,"friends_count":212,"statuses_count":179,"favourites_count":1,"created_at":"Fri Dec 31 00:00:00 +0800 2010","following":false,"allow_all_act_msg":false,"geo_enabled":true,"verified":false,"verified_type":-1,"remark":"","allow_all_comment":true,"avatar_large":"http://tp2.sinaimg.cn/1617092497/180/5612255015/1","verified_reason":"","follow_me":false,"online_status":1,"bi_followers_count":39,"lang":"zh-cn"},"reposts_count":0,"comments_count":5,"mlevel":0,"visible":{"type":0,"list_id":0}}],"hasvisible":false,"previous_cursor":0,"next_cursor":0,"total_number":179}

1    DEBUG [2012-05-08 20:56:00]  Request:
3    DEBUG [2012-05-08 20:56:00]  GET:https://api.weibo.com/2/statuses/user_timeline.json
92   DEBUG [2012-05-08 20:56:01]  Authorization: OAuth2 2.00DdJ8lB0FVbrafafc4e5bf0xkPSZC
92   DEBUG [2012-05-08 20:56:01]  API-RemoteIP: 122.204.142.138
1330 DEBUG [2012-05-08 20:56:02]  Response:
1331 DEBUG [2012-05-08 20:56:02]  https StatusCode:200
1331 DEBUG [2012-05-08 20:56:02]  Server:nginx/1.0.15
1331 DEBUG [2012-05-08 20:56:02]  Date:Tue, 08 May 2012 12:56:10 GMT
1332 DEBUG [2012-05-08 20:56:02]  Content-Type:application/json;charset=UTF-8
1332 DEBUG [2012-05-08 20:56:02]  Connection:keep-alive
1332 DEBUG [2012-05-08 20:56:02]  Api-Server-IP:10.75.0.172
1332 DEBUG [2012-05-08 20:56:02]  Vary:Accept-Encoding
1332 DEBUG [2012-05-08 20:56:02]  Content-Length:13512
1333 DEBUG [2012-05-08 20:56:02]  X-Varnish:746886972
1333 DEBUG [2012-05-08 20:56:02]  Age:0
1333 DEBUG [2012-05-08 20:56:02]  Via:1.1 varnish
1343 DEBUG [2012-05-08 20:56:02]  {"statuses":[{"created_at":"Tue May 08 17:35:34 +0800 2012","id":3443466002619023,"mid":"3443466002619023","idstr":"3443466002619023","text":"看看~","source":"<a href=\"http://weibo.com/\" rel=\"nofollow\">新浪微博</a>","favorited":false,"truncated":false,"in_reply_to_status_id":"","in_reply_to_user_id":"","in_reply_to_screen_name":"","geo":null,"user":{"id":1617092497,"idstr":"1617092497","screen_name":"都叫我老莫","name":"都叫我老莫","province":"42","city":"1","location":"湖北 武汉","description":"放肆的大闹一场","url":"http://www.liuxingyun1988.diandian.com","profile_image_url":"http://tp2.sinaimg.cn/1617092497/50/5612255015/1","profile_url":"u/1617092497","domain":"","weihao":"","gender":"m","followers_count":63,"friends_count":212,"statuses_count":179,"favourites_count":1,"created_at":"Fri Dec 31 00:00:00 +0800 2010","following":false,"allow_all_act_msg":false,"geo_enabled":true,"verified":false,"verified_type":-1,"remark":"","allow_all_comment":true,"avatar_large":"http://tp2.sinaimg.cn/1617092497/180/5612255015/1","verified_reason":"","follow_me":false,"online_status":1,"bi_followers_count":39,"lang":"zh-cn"},"retweeted_status":{"created_at":"Tue May 08 17:11:14 +0800 2012","id":3443459878580429,"mid":"3443459878580429","idstr":"3443459878580429","text":"【视频-8日官方5佳球格里芬诠释空接之城】http://t.cn/zO8w3A6 今天NBA季后赛激战两场，来看下NBA官方为我们带来的五佳球，爵士队虽然被马刺淘汰，可是哈里斯和费沃斯贡献的两记精彩盖帽还是精彩十足。快船队乔丹上演空中接力扣篮，格里芬(@BlakeGriffin )的两次暴扣更是上乘之作，扣得灰熊很难堪！","source":"<a href=\"http://weibo.com/\" rel=\"nofollow\">新浪微博</a>","favorited":false,"truncated":false,"in_reply_to_status_id":"","in_reply_to_user_id":"","in_reply_to_screen_name":"","geo":null,"user":{"id":1638781994,"idstr":"1638781994","screen_name":"新浪体育","name":"新浪体育","province":"11","city":"1000","location":"北京","description":"24小时滚动播报最新的体育快讯，趣闻和视频。新浪记者团带来独家图文报道。欢迎爆料、投稿，请发私信或者邮件： sports2009@vip.sina.com","url":"http://sports.sina.com.cn/","profile_image_url":"http://tp3.sinaimg.cn/1638781994/50/5630480119/1","profile_url":"sportschannel","domain":"sportschannel","weihao":"","gender":"m","followers_count":1729683,"friends_count":1185,"statuses_count":50940,"favourites_count":27,"created_at":"Fri Aug 28 00:00:00 +0800 2009","following":true,"allow_all_act_msg":true,"geo_enabled":true,"verified":true,"verified_type":3,"remark":"","allow_all_comment":true,"avatar_large":"http://tp3.sinaimg.cn/1638781994/180/5630480119/1","verified_reason":"新浪体育新闻官方微博","follow_me":false,"online_status":1,"bi_followers_count":679,"lang":"zh-cn"},"reposts_count":62,"comments_count":14,"mlevel":0,"visible":{"type":0,"list_id":0}},"reposts_count":0,"comments_count":0,"mlevel":0,"visible":{"type":0,"list_id":0}},{"created_at":"Tue May 08 17:33:49 +0800 2012","id":3443465562121172,"mid":"3443465562121172","idstr":"3443465562121172","text":"转发微博","source":"<a href=\"http://weibo.com/\" rel=\"nofollow\">新浪微博</a>","favorited":false,"truncated":false,"in_reply_to_status_id":"","in_reply_to_user_id":"","in_reply_to_screen_name":"","geo":null,"user":{"id":1617092497,"idstr":"1617092497","screen_name":"都叫我老莫","name":"都叫我老莫","province":"42","city":"1","location":"湖北 武汉","description":"放肆的大闹一场","url":"http://www.liuxingyun1988.diandian.com","profile_image_url":"http://tp2.sinaimg.cn/1617092497/50/5612255015/1","profile_url":"u/1617092497","domain":"","weihao":"","gender":"m","followers_count":63,"friends_count":212,"statuses_count":179,"favourites_count":1,"created_at":"Fri Dec 31 00:00:00 +0800 2010","following":false,"allow_all_act_msg":false,"geo_enabled":true,"verified":false,"verified_type":-1,"remark":"","allow_all_comment":true,"avatar_large":"http://tp2.sinaimg.cn/1617092497/180/5612255015/1","verified_reason":"","follow_me":false,"online_status":1,"bi_followers_count":39,"lang":"zh-cn"},"retweeted_status":{"created_at":"Tue May 08 17:18:25 +0800 2012","id":3443461691054074,"mid":"3443461691054074","idstr":"3443461691054074","text":"《Google 无人汽车在内华达州拿到许可，可以上路了》注意车牌：醒目的红色背景，还有一个无穷大的符号哦。Arstechnica 报道 http://t.cn/zOQk9jy","source":"<a href=\"http://weibo.com/\" rel=\"nofollow\">新浪微博</a>","favorited":false,"truncated":false,"in_reply_to_status_id":"","in_reply_to_user_id":"","in_reply_to_screen_name":"","thumbnail_pic":"http://ww4.sinaimg.cn/thumbnail/7cc829d3gw1dsr13yzrr1j.jpg","bmiddle_pic":"http://ww4.sinaimg.cn/bmiddle/7cc829d3gw1dsr13yzrr1j.jpg","original_pic":"http://ww4.sinaimg.cn/large/7cc829d3gw1dsr13yzrr1j.jpg","geo":null,"user":{"id":2093492691,"idstr":"2093492691","screen_name":"程序员的那些事","name":"程序员的那些事","province":"11","city":"5","location":"北京 朝阳区","description":"① 分享国内外同行的观点，关注程序员相关话题（IT/互联网资讯、职场、幽默、极客）。② 私信完全开放，【投稿、合作、招聘、猎头请私信】。","url":"http://blog.jobbole.com/category/programmer","profile_image_url":"http://tp4.sinaimg.cn/2093492691/50/5598072779/1","profile_url":"u/2093492691","domain":"","weihao":"","gender":"m","followers_count":64559,"friends_count":1364,"statuses_count":4286,"favourites_count":420,"created_at":"Mon Apr 18 00:00:00 +0800 2011","following":true,"allow_all_act_msg":true,"geo_enabled":false,"verified":false,"verified_type":220,"remark":"","allow_all_comment":true,"avatar_large":"http://tp4.sinaimg.cn/2093492691/180/5598072779/1","verified_reason":"","follow_me":false,"online_status":0,"bi_followers_count":1272,"lang":"zh-cn"},"reposts_count":117,"comments_count":37,"mlevel":0,"visible":{"type":0,"list_id":0}},"reposts_count":0,"comments_count":0,"mlevel":0,"visible":{"type":0,"list_id":0}},{"created_at":"Thu May 03 17:07:26 +0800 2012","id":3441646983329092,"mid":"3441646983329092","idstr":"3441646983329092","text":"转发微博","source":"<a href=\"http://weibo.com/\" rel=\"nofollow\">新浪微博</a>","favorited":false,"truncated":false,"in_reply_to_status_id":"","in_reply_to_user_id":"","in_reply_to_screen_name":"","geo":null,"user":{"id":1617092497,"idstr":"1617092497","screen_name":"都叫我老莫","name":"都叫我老莫","province":"42","city":"1","location":"湖北 武汉","description":"放肆的大闹一场","url":"http://www.liuxingyun1988.diandian.com","profile_image_url":"http://tp2.sinaimg.cn/1617092497/50/5612255015/1","profile_url":"u/1617092497","domain":"","weihao":"","gender":"m","followers_count":63,"friends_count":212,"statuses_count":179,"favourites_count":1,"created_at":"Fri Dec 31 00:00:00 +0800 2010","following":false,"allow_all_act_msg":false,"geo_enabled":true,"verified":false,"verified_type":-1,"remark":"","allow_all_comment":true,"avatar_large":"http://tp2.sinaimg.cn/1617092497/180/5612255015/1","verified_reason":"","follow_me":false,"online_status":1,"bi_followers_count":39,"lang":"zh-cn"},"retweeted_status":{"created_at":"Thu May 03 15:36:13 +0800 2012","id":3441624026290114,"mid":"3441624026290114","idstr":"3441624026290114","text":"张华平博士在2012中国网络科学论坛发表主题演讲 http://t.cn/zOH7s0H","source":"<a href=\"http://weibo.com/setting/import\" rel=\"nofollow\">关联博客</a>","favorited":false,"truncated":false,"in_reply_to_status_id":"","in_reply_to_user_id":"","in_reply_to_screen_name":"","geo":null,"user":{"id":1697142574,"idstr":"1697142574","screen_name":"ICTCLAS张华平博士","name":"ICTCLAS张华平博士","province":"11","city":"1000","location":"北京","description":"张华平博士的微博，专注于中文自然语言处理、信息检索、信息安全的学术交流与产业应用。欢迎访问自然语言处理与信息检索共享平台www.nlpir.org","url":"http://www.nlpir.org/","profile_image_url":"http://tp3.sinaimg.cn/1697142574/50/1291205605/1","profile_url":"drkevinzhang","domain":"drkevinzhang","weihao":"","gender":"m","followers_count":3322,"friends_count":420,"statuses_count":569,"favourites_count":5,"created_at":"Sat Feb 20 00:00:00 +0800 2010","following":true,"allow_all_act_msg":false,"geo_enabled":false,"verified":true,"verified_type":0,"remark":"","allow_all_comment":true,"avatar_large":"http://tp3.sinaimg.cn/1697142574/180/1291205605/1","verified_reason":"北京理工大学副研究员，硕导，实验室主任张华平","follow_me":false,"online_status":1,"bi_followers_count":241,"lang":"zh-cn"},"annotations":[{"server_ip":null}],"reposts_count":4,"comments_count":5,"mlevel":0,"visible":{"type":0,"list_id":0}},"reposts_count":0,"comments_count":3,"mlevel":0,"visible":{"type":0,"list_id":0}},{"created_at":"Mon Apr 30 12:10:12 +0800 2012","id":3440485018680444,"mid":"3440485018680444","idstr":"3440485018680444","text":"要去参加笔试的得看看~@黄梵也被注册了","source":"<a href=\"http://weibo.com/\" rel=\"nofollow\">新浪微博</a>","favorited":false,"truncated":false,"in_reply_to_status_id":"","in_reply_to_user_id":"","in_reply_to_screen_name":"","geo":null,"user":{"id":1617092497,"idstr":"1617092497","screen_name":"都叫我老莫","name":"都叫我老莫","province":"42","city":"1","location":"湖北 武汉","description":"放肆的大闹一场","url":"http://www.liuxingyun1988.diandian.com","profile_image_url":"http://tp2.sinaimg.cn/1617092497/50/5612255015/1","profile_url":"u/1617092497","domain":"","weihao":"","gender":"m","followers_count":63,"friends_count":212,"statuses_count":179,"favourites_count":1,"created_at":"Fri Dec 31 00:00:00 +0800 2010","following":false,"allow_all_act_msg":false,"geo_enabled":true,"verified":false,"verified_type":-1,"remark":"","allow_all_comment":true,"avatar_large":"http://tp2.sinaimg.cn/1617092497/180/5612255015/1","verified_reason":"","follow_me":false,"online_status":1,"bi_followers_count":39,"lang":"zh-cn"},"retweeted_status":{"created_at":"Mon Apr 30 12:06:38 +0800 2012","id":3440484120847856,"mid":"3440484120847856","idstr":"3440484120847856","text":"《2011百度数据挖掘研发工程师实习生笔试面试题》 （ http://t.cn/zOYu62H ） 对比 《2011Alibaba数据分析师（实习）试题解析》 （ http://t.cn/zOYu62T ）","source":"<a href=\"http://weibo.com/\" rel=\"nofollow\">新浪微博</a>","favorited":false,"truncated":false,"in_reply_to_status_id":"","in_reply_to_user_id":"","in_reply_to_screen_name":"","thumbnail_pic":"http://ww2.sinaimg.cn/thumbnail/690b1ad4gw1dshj5gs4yfj.jpg","bmiddle_pic":"http://ww2.sinaimg.cn/bmiddle/690b1ad4gw1dshj5gs4yfj.jpg","original_pic":"http://ww2.sinaimg.cn/large/690b1ad4gw1dshj5gs4yfj.jpg","geo":null,"user":{"id":1762335444,"idstr":"1762335444","screen_name":"数据挖掘研究院","name":"数据挖掘研究院","province":"400","city":"16","location":"海外 其他","description":"数据挖掘 @2004-2012，专业领域需要协助、曝光、招聘、广告等可私信 或 @","url":"http://www.ChinaKDD.com","profile_image_url":"http://tp1.sinaimg.cn/1762335444/50/1301148547/0","profile_url":"chinakdd","domain":"chinakdd","weihao":"","gender":"f","followers_count":10495,"friends_count":137,"statuses_count":391,"favourites_count":4,"created_at":"Tue Jun 15 13:39:50 +0800 2010","following":true,"allow_all_act_msg":true,"geo_enabled":false,"verified":true,"verified_type":5,"remark":"","allow_all_comment":true,"avatar_large":"http://tp1.sinaimg.cn/1762335444/180/1301148547/0","verified_reason":"数据挖掘研究院网站www.chinakdd.com官方微博","follow_me":false,"online_status":0,"bi_followers_count":89,"lang":"zh-cn"},"reposts_count":48,"comments_count":6,"mlevel":0,"visible":{"type":0,"list_id":0}},"reposts_count":0,"comments_count":1,"mlevel":0,"visible":{"type":0,"list_id":0}},{"created_at":"Sat Apr 28 05:53:43 +0800 2012","id":3439665502145889,"mid":"3439665502145889","idstr":"3439665502145889","text":"看看朦胧的清晨还是不错的~只睡了一小时多啊…小平板没电真不好受…","source":"<a href=\"http://down2.uc.cn/ucbrowser/html/?pub=chens@sina13&amp;title=&amp;url=\" rel=\"nofollow\">UC浏览器</a>","favorited":false,"truncated":false,"in_reply_to_status_id":"","in_reply_to_user_id":"","in_reply_to_screen_name":"","geo":null,"user":{"id":1617092497,"idstr":"1617092497","screen_name":"都叫我老莫","name":"都叫我老莫","province":"42","city":"1","location":"湖北 武汉","description":"放肆的大闹一场","url":"http://www.liuxingyun1988.diandian.com","profile_image_url":"http://tp2.sinaimg.cn/1617092497/50/5612255015/1","profile_url":"u/1617092497","domain":"","weihao":"","gender":"m","followers_count":63,"friends_count":212,"statuses_count":179,"favourites_count":1,"created_at":"Fri Dec 31 00:00:00 +0800 2010","following":false,"allow_all_act_msg":false,"geo_enabled":true,"verified":false,"verified_type":-1,"remark":"","allow_all_comment":true,"avatar_large":"http://tp2.sinaimg.cn/1617092497/180/5612255015/1","verified_reason":"","follow_me":false,"online_status":1,"bi_followers_count":39,"lang":"zh-cn"},"reposts_count":0,"comments_count":5,"mlevel":0,"visible":{"type":0,"list_id":0}}],"hasvisible":false,"previous_cursor":0,"next_cursor":0,"total_number":179}

0    DEBUG [2012-05-08 21:00:59]  Request:
4    DEBUG [2012-05-08 21:00:59]  GET:https://api.weibo.com/2/statuses/show.json
111  DEBUG [2012-05-08 21:00:59]  Authorization: OAuth2 2.00DdJ8lB0FVbrafafc4e5bf0xkPSZC
111  DEBUG [2012-05-08 21:00:59]  API-RemoteIP: 122.204.142.138
2198 DEBUG [2012-05-08 21:01:01]  Response:
2198 DEBUG [2012-05-08 21:01:01]  https StatusCode:200
2198 DEBUG [2012-05-08 21:01:01]  Server:nginx/1.0.15
2199 DEBUG [2012-05-08 21:01:01]  Date:Tue, 08 May 2012 13:01:10 GMT
2199 DEBUG [2012-05-08 21:01:01]  Content-Type:application/json;charset=UTF-8
2199 DEBUG [2012-05-08 21:01:01]  Connection:keep-alive
2199 DEBUG [2012-05-08 21:01:01]  Api-Server-IP:10.75.0.170
2199 DEBUG [2012-05-08 21:01:01]  Vary:Accept-Encoding
2200 DEBUG [2012-05-08 21:01:01]  Content-Length:2749
2200 DEBUG [2012-05-08 21:01:01]  X-Varnish:594908709
2200 DEBUG [2012-05-08 21:01:01]  Age:0
2201 DEBUG [2012-05-08 21:01:01]  Via:1.1 varnish
2210 DEBUG [2012-05-08 21:01:01]  {"created_at":"Fri Nov 11 11:17:24 +0800 2011","id":3378503404643145,"mid":"3378503404643145","idstr":"3378503404643145","text":"大长腿她哥~~[酷]","source":"<a href=\"http://m.weibo.com/web/cellphone.php#iphone\" rel=\"nofollow\">iPhone客户端</a>","favorited":false,"truncated":false,"in_reply_to_status_id":"","in_reply_to_user_id":"","in_reply_to_screen_name":"","geo":null,"user":{"id":41600886,"idstr":"41600886","screen_name":"MISS菜V","name":"MISS菜V","province":"100","city":"1000","location":"其他","description":"还记得年少时的萌吗？","url":"http://blog.sina.com.cn/misssssssssu","profile_image_url":"http://tp3.sinaimg.cn/41600886/50/5599581360/0","profile_url":"savanna","domain":"savanna","weihao":"","gender":"f","followers_count":14256,"friends_count":185,"statuses_count":11496,"favourites_count":454,"created_at":"Sun Jan 10 12:46:38 +0800 2010","following":false,"allow_all_act_msg":false,"geo_enabled":false,"verified":false,"verified_type":-1,"remark":"","allow_all_comment":true,"avatar_large":"http://tp3.sinaimg.cn/41600886/180/5599581360/0","verified_reason":"","follow_me":false,"online_status":1,"bi_followers_count":126,"lang":"zh-cn"},"retweeted_status":{"created_at":"Thu Nov 10 22:11:56 +0800 2011","id":3378305732823892,"mid":"3378305732823892","idstr":"3378305732823892","text":"[话筒]来...大号背影一张 啦啦啦 @veggieg @想要改名儿","source":"<a href=\"http://weibo.com/\" rel=\"nofollow\">新浪微博</a>","favorited":false,"truncated":false,"in_reply_to_status_id":"","in_reply_to_user_id":"","in_reply_to_screen_name":"","thumbnail_pic":"http://ww4.sinaimg.cn/thumbnail/646038c0jw1dmz65r3q87j.jpg","bmiddle_pic":"http://ww4.sinaimg.cn/bmiddle/646038c0jw1dmz65r3q87j.jpg","original_pic":"http://ww4.sinaimg.cn/large/646038c0jw1dmz65r3q87j.jpg","geo":null,"user":{"id":1684027584,"idstr":"1684027584","screen_name":"SIIS","name":"SIIS","province":"11","city":"5","location":"北京 朝阳区","description":"2012 好运相伴：）","url":"","profile_image_url":"http://tp1.sinaimg.cn/1684027584/50/5613346518/0","profile_url":"zsisi","domain":"zsisi","weihao":"","gender":"f","followers_count":525,"friends_count":154,"statuses_count":3800,"favourites_count":4,"created_at":"Tue Jan 19 00:00:00 +0800 2010","following":false,"allow_all_act_msg":false,"geo_enabled":false,"verified":false,"verified_type":-1,"remark":"","allow_all_comment":false,"avatar_large":"http://tp1.sinaimg.cn/1684027584/180/5613346518/0","verified_reason":"","follow_me":false,"online_status":0,"bi_followers_count":44,"lang":"zh-cn"},"reposts_count":104,"comments_count":5,"mlevel":0,"visible":{"type":0,"list_id":0}},"reposts_count":25,"comments_count":11,"mlevel":0,"visible":{"type":0,"list_id":0}}

0    DEBUG [2012-05-08 21:01:27]  Request:
2    DEBUG [2012-05-08 21:01:27]  GET:https://api.weibo.com/2/statuses/show.json
95   DEBUG [2012-05-08 21:01:27]  Authorization: OAuth2 2.00DdJ8lB0FVbrafafc4e5bf0xkPSZC
96   DEBUG [2012-05-08 21:01:27]  API-RemoteIP: 122.204.142.138
1740 DEBUG [2012-05-08 21:01:29]  Response:
1741 DEBUG [2012-05-08 21:01:29]  https StatusCode:200
1741 DEBUG [2012-05-08 21:01:29]  Server:nginx/1.0.15
1741 DEBUG [2012-05-08 21:01:29]  Date:Tue, 08 May 2012 13:01:37 GMT
1742 DEBUG [2012-05-08 21:01:29]  Content-Type:application/json;charset=UTF-8
1742 DEBUG [2012-05-08 21:01:29]  Connection:keep-alive
1742 DEBUG [2012-05-08 21:01:29]  Api-Server-IP:10.75.24.205
1742 DEBUG [2012-05-08 21:01:29]  Vary:Accept-Encoding
1743 DEBUG [2012-05-08 21:01:29]  Content-Length:2749
1743 DEBUG [2012-05-08 21:01:29]  X-Varnish:749608418
1743 DEBUG [2012-05-08 21:01:29]  Age:0
1743 DEBUG [2012-05-08 21:01:29]  Via:1.1 varnish
1754 DEBUG [2012-05-08 21:01:29]  {"created_at":"Fri Nov 11 11:17:24 +0800 2011","id":3378503404643145,"mid":"3378503404643145","idstr":"3378503404643145","text":"大长腿她哥~~[酷]","source":"<a href=\"http://m.weibo.com/web/cellphone.php#iphone\" rel=\"nofollow\">iPhone客户端</a>","favorited":false,"truncated":false,"in_reply_to_status_id":"","in_reply_to_user_id":"","in_reply_to_screen_name":"","geo":null,"user":{"id":41600886,"idstr":"41600886","screen_name":"MISS菜V","name":"MISS菜V","province":"100","city":"1000","location":"其他","description":"还记得年少时的萌吗？","url":"http://blog.sina.com.cn/misssssssssu","profile_image_url":"http://tp3.sinaimg.cn/41600886/50/5599581360/0","profile_url":"savanna","domain":"savanna","weihao":"","gender":"f","followers_count":14256,"friends_count":185,"statuses_count":11496,"favourites_count":454,"created_at":"Sun Jan 10 12:46:38 +0800 2010","following":false,"allow_all_act_msg":false,"geo_enabled":false,"verified":false,"verified_type":-1,"remark":"","allow_all_comment":true,"avatar_large":"http://tp3.sinaimg.cn/41600886/180/5599581360/0","verified_reason":"","follow_me":false,"online_status":1,"bi_followers_count":126,"lang":"zh-cn"},"retweeted_status":{"created_at":"Thu Nov 10 22:11:56 +0800 2011","id":3378305732823892,"mid":"3378305732823892","idstr":"3378305732823892","text":"[话筒]来...大号背影一张 啦啦啦 @veggieg @想要改名儿","source":"<a href=\"http://weibo.com/\" rel=\"nofollow\">新浪微博</a>","favorited":false,"truncated":false,"in_reply_to_status_id":"","in_reply_to_user_id":"","in_reply_to_screen_name":"","thumbnail_pic":"http://ww4.sinaimg.cn/thumbnail/646038c0jw1dmz65r3q87j.jpg","bmiddle_pic":"http://ww4.sinaimg.cn/bmiddle/646038c0jw1dmz65r3q87j.jpg","original_pic":"http://ww4.sinaimg.cn/large/646038c0jw1dmz65r3q87j.jpg","geo":null,"user":{"id":1684027584,"idstr":"1684027584","screen_name":"SIIS","name":"SIIS","province":"11","city":"5","location":"北京 朝阳区","description":"2012 好运相伴：）","url":"","profile_image_url":"http://tp1.sinaimg.cn/1684027584/50/5613346518/0","profile_url":"zsisi","domain":"zsisi","weihao":"","gender":"f","followers_count":525,"friends_count":154,"statuses_count":3800,"favourites_count":4,"created_at":"Tue Jan 19 00:00:00 +0800 2010","following":false,"allow_all_act_msg":false,"geo_enabled":false,"verified":false,"verified_type":-1,"remark":"","allow_all_comment":false,"avatar_large":"http://tp1.sinaimg.cn/1684027584/180/5613346518/0","verified_reason":"","follow_me":false,"online_status":0,"bi_followers_count":44,"lang":"zh-cn"},"reposts_count":104,"comments_count":5,"mlevel":0,"visible":{"type":0,"list_id":0}},"reposts_count":25,"comments_count":11,"mlevel":0,"visible":{"type":0,"list_id":0}}

0    DEBUG [2012-05-08 21:02:40]  Request:
2    DEBUG [2012-05-08 21:02:40]  GET:https://api.weibo.com/2/statuses/show.json
101  DEBUG [2012-05-08 21:02:40]  Authorization: OAuth2 2.00DdJ8lB0FVbrafafc4e5bf0xkPSZC
101  DEBUG [2012-05-08 21:02:40]  API-RemoteIP: 122.204.142.138
1051 DEBUG [2012-05-08 21:02:41]  Response:
1051 DEBUG [2012-05-08 21:02:41]  https StatusCode:200
1051 DEBUG [2012-05-08 21:02:41]  Server:nginx/1.0.15
1052 DEBUG [2012-05-08 21:02:41]  Date:Tue, 08 May 2012 13:02:50 GMT
1052 DEBUG [2012-05-08 21:02:41]  Content-Type:application/json;charset=UTF-8
1052 DEBUG [2012-05-08 21:02:41]  Connection:keep-alive
1052 DEBUG [2012-05-08 21:02:41]  Api-Server-IP:10.75.0.173
1052 DEBUG [2012-05-08 21:02:41]  Vary:Accept-Encoding
1053 DEBUG [2012-05-08 21:02:41]  Content-Length:2958
1053 DEBUG [2012-05-08 21:02:41]  X-Varnish:749849316
1053 DEBUG [2012-05-08 21:02:41]  Age:0
1053 DEBUG [2012-05-08 21:02:41]  Via:1.1 varnish
1065 DEBUG [2012-05-08 21:02:41]  {"created_at":"Mon Apr 23 12:37:56 +0800 2012","id":3437955283101414,"mid":"3437955283101414","idstr":"3437955283101414","text":"字很好","source":"<a href=\"http://m.weibo.com/web/cellphone.php#iphone\" rel=\"nofollow\">iPhone客户端</a>","favorited":false,"truncated":false,"in_reply_to_status_id":"","in_reply_to_user_id":"","in_reply_to_screen_name":"","geo":null,"user":{"id":1148886143,"idstr":"1148886143","screen_name":"L-insoutenable","name":"L-insoutenable","province":"42","city":"1","location":"湖北 武汉","description":"Lie to me~","url":"","profile_image_url":"http://tp4.sinaimg.cn/1148886143/50/5622634813/0","profile_url":"gnimrahc","domain":"gnimrahc","weihao":"","gender":"f","followers_count":89,"friends_count":529,"statuses_count":247,"favourites_count":29,"created_at":"Fri Jan 27 00:00:00 +0800 2012","following":true,"allow_all_act_msg":false,"geo_enabled":false,"verified":false,"verified_type":-1,"remark":"","allow_all_comment":true,"avatar_large":"http://tp4.sinaimg.cn/1148886143/180/5622634813/0","verified_reason":"","follow_me":true,"online_status":0,"bi_followers_count":39,"lang":"zh-cn"},"retweeted_status":{"created_at":"Mon Apr 23 09:06:57 +0800 2012","id":3437902187087463,"mid":"3437902187087463","idstr":"3437902187087463","text":"1884年，Alice Lee逝世后，Teddy Roosevelt的日记：我生命里的光芒就此消失了。","source":"<a href=\"http://www.diandian.com\" rel=\"nofollow\">点点网</a>","favorited":false,"truncated":false,"in_reply_to_status_id":"","in_reply_to_user_id":"","in_reply_to_screen_name":"","thumbnail_pic":"http://ww3.sinaimg.cn/thumbnail/661b1d6djw1ds9aq1dvloj.jpg","bmiddle_pic":"http://ww3.sinaimg.cn/bmiddle/661b1d6djw1ds9aq1dvloj.jpg","original_pic":"http://ww3.sinaimg.cn/large/661b1d6djw1ds9aq1dvloj.jpg","geo":null,"user":{"id":1713053037,"idstr":"1713053037","screen_name":"LENS杂志","name":"LENS杂志","province":"11","city":"1000","location":"北京","description":"原《LENS.视觉》、《财经视觉》。 隶属财讯传媒，以图文结合的叙述方式，关注不断变化的现实和永恒不变的人性。2012年起，每月6日上市。","url":"http://www.lensmagazine.com.cn","profile_image_url":"http://tp2.sinaimg.cn/1713053037/50/5631205285/1","profile_url":"yourlens","domain":"yourlens","weihao":"","gender":"m","followers_count":70692,"friends_count":166,"statuses_count":13507,"favourites_count":2242,"created_at":"Wed Mar 17 20:19:05 +0800 2010","following":false,"allow_all_act_msg":true,"geo_enabled":true,"verified":true,"verified_type":3,"remark":"","allow_all_comment":true,"avatar_large":"http://tp2.sinaimg.cn/1713053037/180/5631205285/1","verified_reason":"《LENS》杂志官方微博","follow_me":false,"online_status":0,"bi_followers_count":103,"lang":"zh-cn"},"reposts_count":78,"comments_count":9,"mlevel":0,"visible":{"type":0,"list_id":0}},"reposts_count":0,"comments_count":0,"mlevel":0,"visible":{"type":0,"list_id":0}}

0    DEBUG [2012-05-08 21:05:01]  Request:
2    DEBUG [2012-05-08 21:05:01]  GET:https://api.weibo.com/2/statuses/show.json
107  DEBUG [2012-05-08 21:05:01]  Authorization: OAuth2 2.00DdJ8lB0FVbrafafc4e5bf0xkPSZC
108  DEBUG [2012-05-08 21:05:01]  API-RemoteIP: 122.204.142.138
1033 DEBUG [2012-05-08 21:05:02]  Response:
1033 DEBUG [2012-05-08 21:05:02]  https StatusCode:200
1034 DEBUG [2012-05-08 21:05:02]  Server:nginx/1.0.15
1034 DEBUG [2012-05-08 21:05:02]  Date:Tue, 08 May 2012 13:05:11 GMT
1034 DEBUG [2012-05-08 21:05:02]  Content-Type:application/json;charset=UTF-8
1034 DEBUG [2012-05-08 21:05:02]  Connection:keep-alive
1035 DEBUG [2012-05-08 21:05:02]  Api-Server-IP:10.75.24.206
1035 DEBUG [2012-05-08 21:05:02]  Vary:Accept-Encoding
1035 DEBUG [2012-05-08 21:05:02]  Content-Length:2958
1035 DEBUG [2012-05-08 21:05:02]  X-Varnish:748641369
1035 DEBUG [2012-05-08 21:05:02]  Age:0
1035 DEBUG [2012-05-08 21:05:02]  Via:1.1 varnish
1045 DEBUG [2012-05-08 21:05:02]  {"created_at":"Mon Apr 23 12:37:56 +0800 2012","id":3437955283101414,"mid":"3437955283101414","idstr":"3437955283101414","text":"字很好","source":"<a href=\"http://m.weibo.com/web/cellphone.php#iphone\" rel=\"nofollow\">iPhone客户端</a>","favorited":false,"truncated":false,"in_reply_to_status_id":"","in_reply_to_user_id":"","in_reply_to_screen_name":"","geo":null,"user":{"id":1148886143,"idstr":"1148886143","screen_name":"L-insoutenable","name":"L-insoutenable","province":"42","city":"1","location":"湖北 武汉","description":"Lie to me~","url":"","profile_image_url":"http://tp4.sinaimg.cn/1148886143/50/5622634813/0","profile_url":"gnimrahc","domain":"gnimrahc","weihao":"","gender":"f","followers_count":89,"friends_count":529,"statuses_count":247,"favourites_count":29,"created_at":"Fri Jan 27 00:00:00 +0800 2012","following":true,"allow_all_act_msg":false,"geo_enabled":false,"verified":false,"verified_type":-1,"remark":"","allow_all_comment":true,"avatar_large":"http://tp4.sinaimg.cn/1148886143/180/5622634813/0","verified_reason":"","follow_me":true,"online_status":0,"bi_followers_count":39,"lang":"zh-cn"},"retweeted_status":{"created_at":"Mon Apr 23 09:06:57 +0800 2012","id":3437902187087463,"mid":"3437902187087463","idstr":"3437902187087463","text":"1884年，Alice Lee逝世后，Teddy Roosevelt的日记：我生命里的光芒就此消失了。","source":"<a href=\"http://www.diandian.com\" rel=\"nofollow\">点点网</a>","favorited":false,"truncated":false,"in_reply_to_status_id":"","in_reply_to_user_id":"","in_reply_to_screen_name":"","thumbnail_pic":"http://ww3.sinaimg.cn/thumbnail/661b1d6djw1ds9aq1dvloj.jpg","bmiddle_pic":"http://ww3.sinaimg.cn/bmiddle/661b1d6djw1ds9aq1dvloj.jpg","original_pic":"http://ww3.sinaimg.cn/large/661b1d6djw1ds9aq1dvloj.jpg","geo":null,"user":{"id":1713053037,"idstr":"1713053037","screen_name":"LENS杂志","name":"LENS杂志","province":"11","city":"1000","location":"北京","description":"原《LENS.视觉》、《财经视觉》。 隶属财讯传媒，以图文结合的叙述方式，关注不断变化的现实和永恒不变的人性。2012年起，每月6日上市。","url":"http://www.lensmagazine.com.cn","profile_image_url":"http://tp2.sinaimg.cn/1713053037/50/5631205285/1","profile_url":"yourlens","domain":"yourlens","weihao":"","gender":"m","followers_count":70692,"friends_count":166,"statuses_count":13507,"favourites_count":2242,"created_at":"Wed Mar 17 20:19:05 +0800 2010","following":false,"allow_all_act_msg":true,"geo_enabled":true,"verified":true,"verified_type":3,"remark":"","allow_all_comment":true,"avatar_large":"http://tp2.sinaimg.cn/1713053037/180/5631205285/1","verified_reason":"《LENS》杂志官方微博","follow_me":false,"online_status":0,"bi_followers_count":103,"lang":"zh-cn"},"reposts_count":78,"comments_count":9,"mlevel":0,"visible":{"type":0,"list_id":0}},"reposts_count":0,"comments_count":0,"mlevel":0,"visible":{"type":0,"list_id":0}}

